#
# There is insufficient memory for the Java Runtime Environment to continue.
# Native memory allocation (malloc) failed to allocate 783536 bytes for Chunk::new
# Possible reasons:
#   The system is out of physical RAM or swap space
#   The process is running with CompressedOops enabled, and the Java Heap may be blocking the growth of the native heap
# Possible solutions:
#   Reduce memory load on the system
#   Increase physical memory or swap space
#   Check if swap backing store is full
#   Decrease Java heap size (-Xmx/-Xms)
#   Decrease number of Java threads
#   Decrease Java thread stack sizes (-Xss)
#   Set larger code cache with -XX:ReservedCodeCacheSize=
#   JVM is running with Unscaled Compressed Oops mode in which the Java heap is
#     placed in the first 4GB address space. The Java Heap base address is the
#     maximum limit for the native heap growth. Please use -XX:HeapBaseMinAddress
#     to set the Java Heap base and to place the Java Heap above 4GB virtual address.
# This output file may be truncated or incomplete.
#
#  Out of Memory Error (arena.cpp:189), pid=2832, tid=12476
#
# JRE version: OpenJDK Runtime Environment (17.0.1+12) (build 17.0.1+12-39)
# Java VM: OpenJDK 64-Bit Server VM (17.0.1+12-39, mixed mode, sharing, tiered, compressed oops, compressed class ptrs, g1 gc, windows-amd64)
# No core dump will be written. Minidumps are not enabled by default on client versions of Windows
#

---------------  S U M M A R Y ------------

Command Line: --module-path=E:\AOOP\javafx-sdk-17.0.1\lib --add-modules=javafx.controls,javafx.fxml,javafx.web -javaagent:C:\Program Files\JetBrains\IntelliJ IDEA Community Edition 2021.3.1\lib\idea_rt.jar=52676:C:\Program Files\JetBrains\IntelliJ IDEA Community Edition 2021.3.1\bin -Dfile.encoding=UTF-8 com.laynezcoder.Main

Host: 11th Gen Intel(R) Core(TM) i5-1135G7 @ 2.40GHz, 8 cores, 3G,  Windows 10 , 64 bit Build 22000 (10.0.22000.434)
Time: Mon Jan 17 14:36:30 2022 Bangladesh Standard Time elapsed time: 42.095220 seconds (0d 0h 0m 42s)

---------------  T H R E A D  ---------------

Current thread (0x0000016c95172860):  JavaThread "C2 CompilerThread0" daemon [_thread_in_native, id=12476, stack(0x00000009d1400000,0x00000009d1500000)]


Current CompileTask:
C2:  42095 8022       4       com.sun.prism.impl.ps.BaseShaderGraphics::renderShape (255 bytes)

Stack: [0x00000009d1400000,0x00000009d1500000]
Native frames: (J=compiled Java code, j=interpreted, Vv=VM code, C=native code)
V  [jvm.dll+0x66fa1a]
V  [jvm.dll+0x7ce5a4]
V  [jvm.dll+0x7cfd4e]
V  [jvm.dll+0x7d03b3]
V  [jvm.dll+0x242b05]
V  [jvm.dll+0xaa05b]
V  [jvm.dll+0xaa5ec]
V  [jvm.dll+0x35f9b2]
V  [jvm.dll+0x329f51]
V  [jvm.dll+0x3293fa]
V  [jvm.dll+0x215bf1]
V  [jvm.dll+0x215011]
V  [jvm.dll+0x1a168d]
V  [jvm.dll+0x224848]
V  [jvm.dll+0x2229ac]
V  [jvm.dll+0x78435b]
V  [jvm.dll+0x77e91a]
V  [jvm.dll+0x66e845]
C  [ucrtbase.dll+0x26c0c]
C  [KERNEL32.DLL+0x154e0]
C  [ntdll.dll+0x485b]


---------------  P R O C E S S  ---------------

Threads class SMR info:
_java_thread_list=0x0000016d03f27550, length=39, elements={
0x0000016c950a19d0, 0x0000016c95159d40, 0x0000016c9515a210, 0x0000016c95169ad0,
0x0000016c9516bfb0, 0x0000016c9516cc90, 0x0000016c9516d780, 0x0000016c95172860,
0x0000016c95174a40, 0x0000016cb0905f50, 0x0000016cb144c4f0, 0x0000016cb1edcd50,
0x0000016cb1524aa0, 0x0000016cb2161370, 0x0000016cb1fe11b0, 0x0000016cb1e24900,
0x0000016cb2069490, 0x0000016cb287e7e0, 0x0000016cb293b2e0, 0x0000016cb2a2cb40,
0x0000016cb2a2d9b0, 0x0000016cb2a2b800, 0x0000016cb2a2bcd0, 0x0000016cb2a2c1a0,
0x0000016cb2a2c670, 0x0000016cb2a2d010, 0x0000016cb2a2b330, 0x0000016cb2a2d4e0,
0x0000016cb2a2a990, 0x0000016cb2a2ae60, 0x0000016cb1606290, 0x0000016cb1605dc0,
0x0000016cb1603c10, 0x0000016c82005db0, 0x0000016c82006c20, 0x0000016c82009770,
0x0000016c8200a110, 0x0000016c84ed6390, 0x0000016c84ed6d30
}

Java Threads: ( => current thread )
  0x0000016c950a19d0 JavaThread "main" [_thread_blocked, id=3068, stack(0x00000009d0700000,0x00000009d0800000)]
  0x0000016c95159d40 JavaThread "Reference Handler" daemon [_thread_blocked, id=7992, stack(0x00000009d0e00000,0x00000009d0f00000)]
  0x0000016c9515a210 JavaThread "Finalizer" daemon [_thread_blocked, id=1232, stack(0x00000009d0f00000,0x00000009d1000000)]
  0x0000016c95169ad0 JavaThread "Signal Dispatcher" daemon [_thread_blocked, id=10436, stack(0x00000009d1000000,0x00000009d1100000)]
  0x0000016c9516bfb0 JavaThread "Attach Listener" daemon [_thread_blocked, id=8952, stack(0x00000009d1100000,0x00000009d1200000)]
  0x0000016c9516cc90 JavaThread "Service Thread" daemon [_thread_blocked, id=12712, stack(0x00000009d1200000,0x00000009d1300000)]
  0x0000016c9516d780 JavaThread "Monitor Deflation Thread" daemon [_thread_blocked, id=6808, stack(0x00000009d1300000,0x00000009d1400000)]
=>0x0000016c95172860 JavaThread "C2 CompilerThread0" daemon [_thread_in_native, id=12476, stack(0x00000009d1400000,0x00000009d1500000)]
  0x0000016c95174a40 JavaThread "C1 CompilerThread0" daemon [_thread_blocked, id=16280, stack(0x00000009d1500000,0x00000009d1600000)]
  0x0000016cb0905f50 JavaThread "Sweeper thread" daemon [_thread_blocked, id=3396, stack(0x00000009d1600000,0x00000009d1700000)]
  0x0000016cb144c4f0 JavaThread "Common-Cleaner" daemon [_thread_blocked, id=11224, stack(0x00000009d1700000,0x00000009d1800000)]
  0x0000016cb1edcd50 JavaThread "Monitor Ctrl-Break" daemon [_thread_in_native, id=4916, stack(0x00000009d1900000,0x00000009d1a00000)]
  0x0000016cb1524aa0 JavaThread "Notification Thread" daemon [_thread_blocked, id=10304, stack(0x00000009d1a00000,0x00000009d1b00000)]
  0x0000016cb2161370 JavaThread "QuantumRenderer-0" daemon [_thread_in_native, id=2972, stack(0x00000009d1c00000,0x00000009d1d00000)]
  0x0000016cb1fe11b0 JavaThread "InvokeLaterDispatcher" daemon [_thread_blocked, id=14748, stack(0x00000009d1d00000,0x00000009d1e00000)]
  0x0000016cb1e24900 JavaThread "JavaFX Application Thread" [_thread_in_native, id=6108, stack(0x00000009d1e00000,0x00000009d1f00000)]
  0x0000016cb2069490 JavaThread "JavaFX-Launcher" [_thread_blocked, id=15976, stack(0x00000009d2300000,0x00000009d2400000)]
  0x0000016cb287e7e0 JavaThread "Thread-2" daemon [_thread_in_native, id=6472, stack(0x00000009d2200000,0x00000009d2300000)]
  0x0000016cb293b2e0 JavaThread "Prism Font Disposer" daemon [_thread_blocked, id=11416, stack(0x00000009d2900000,0x00000009d2a00000)]
  0x0000016cb2a2cb40 JavaThread "Cleaner-0" daemon [_thread_blocked, id=16148, stack(0x00000009d3200000,0x00000009d3300000)]
  0x0000016cb2a2d9b0 JavaThread "Disposer" daemon [_thread_blocked, id=6040, stack(0x00000009d3600000,0x00000009d3700000)]
  0x0000016cb2a2b800 JavaThread "HttpClient-1-SelectorManager" daemon [_thread_in_native, id=1788, stack(0x00000009d3800000,0x00000009d3900000)]
  0x0000016cb2a2bcd0 JavaThread "HttpClient-1-Worker-0" daemon [_thread_blocked, id=15968, stack(0x00000009d3900000,0x00000009d3a00000)]
  0x0000016cb2a2c1a0 JavaThread "HttpClient-1-Worker-1" daemon [_thread_blocked, id=2688, stack(0x00000009d3b00000,0x00000009d3c00000)]
  0x0000016cb2a2c670 JavaThread "ForkJoinPool.commonPool-worker-1" daemon [_thread_blocked, id=5984, stack(0x00000009d4400000,0x00000009d4500000)]
  0x0000016cb2a2d010 JavaThread "ForkJoinPool.commonPool-worker-2" daemon [_thread_blocked, id=308, stack(0x00000009d4500000,0x00000009d4600000)]
  0x0000016cb2a2b330 JavaThread "ForkJoinPool.commonPool-worker-3" daemon [_thread_blocked, id=16236, stack(0x00000009d4600000,0x00000009d4700000)]
  0x0000016cb2a2d4e0 JavaThread "Thread-4" daemon [_thread_in_native, id=8996, stack(0x00000009d4700000,0x00000009d4800000)]
  0x0000016cb2a2a990 JavaThread "HttpClient-1-Worker-2" daemon [_thread_blocked, id=2420, stack(0x00000009d4800000,0x00000009d4900000)]
  0x0000016cb2a2ae60 JavaThread "ForkJoinPool.commonPool-worker-4" daemon [_thread_blocked, id=9300, stack(0x00000009d4900000,0x00000009d4a00000)]
  0x0000016cb1606290 JavaThread "ForkJoinPool.commonPool-worker-5" daemon [_thread_blocked, id=4184, stack(0x00000009d4a00000,0x00000009d4b00000)]
  0x0000016cb1605dc0 JavaThread "ForkJoinPool.commonPool-worker-6" daemon [_thread_blocked, id=12528, stack(0x00000009d4b00000,0x00000009d4c00000)]
  0x0000016cb1603c10 JavaThread "ForkJoinPool.commonPool-worker-7" daemon [_thread_blocked, id=8384, stack(0x00000009d4c00000,0x00000009d4d00000)]
  0x0000016c82005db0 JavaThread "HttpClient-1-Worker-3" daemon [_thread_blocked, id=6528, stack(0x00000009d5000000,0x00000009d5100000)]
  0x0000016c82006c20 JavaThread "HttpClient-1-Worker-4" daemon [_thread_blocked, id=10420, stack(0x00000009d5100000,0x00000009d5200000)]
  0x0000016c82009770 JavaThread "HttpClient-1-Worker-5" daemon [_thread_blocked, id=6876, stack(0x00000009d5200000,0x00000009d5300000)]
  0x0000016c8200a110 JavaThread "HttpClient-1-Worker-6" daemon [_thread_blocked, id=7360, stack(0x00000009d5300000,0x00000009d5400000)]
  0x0000016c84ed6390 JavaThread "HttpClient-1-Worker-7" daemon [_thread_blocked, id=15576, stack(0x00000009d5500000,0x00000009d5600000)]
  0x0000016c84ed6d30 JavaThread "HttpClient-1-Worker-8" daemon [_thread_blocked, id=7592, stack(0x00000009d5700000,0x00000009d5800000)]

Other Threads:
  0x0000016c95154650 VMThread "VM Thread" [stack: 0x00000009d0d00000,0x00000009d0e00000] [id=6452]
  0x0000016cb1524f70 WatcherThread [stack: 0x00000009d1b00000,0x00000009d1c00000] [id=9648]
  0x0000016c950cf4f0 GCTaskThread "GC Thread#0" [stack: 0x00000009d0800000,0x00000009d0900000] [id=15744]
  0x0000016cb1dbb8a0 GCTaskThread "GC Thread#1" [stack: 0x00000009d2400000,0x00000009d2500000] [id=8088]
  0x0000016cb1da7240 GCTaskThread "GC Thread#2" [stack: 0x00000009d2500000,0x00000009d2600000] [id=8076]
  0x0000016cb1db0260 GCTaskThread "GC Thread#3" [stack: 0x00000009d2600000,0x00000009d2700000] [id=7040]
  0x0000016cb28c72d0 GCTaskThread "GC Thread#4" [stack: 0x00000009d2700000,0x00000009d2800000] [id=16252]
  0x0000016cb28c3ab0 GCTaskThread "GC Thread#5" [stack: 0x00000009d2800000,0x00000009d2900000] [id=2460]
  0x0000016cba7a0140 GCTaskThread "GC Thread#6" [stack: 0x00000009d2d00000,0x00000009d2e00000] [id=2452]
  0x0000016cba27a490 GCTaskThread "GC Thread#7" [stack: 0x00000009d2e00000,0x00000009d2f00000] [id=11040]
  0x0000016c950d8ed0 ConcurrentGCThread "G1 Main Marker" [stack: 0x00000009d0900000,0x00000009d0a00000] [id=9984]
  0x0000016c950da7f0 ConcurrentGCThread "G1 Conc#0" [stack: 0x00000009d0a00000,0x00000009d0b00000] [id=6668]
  0x0000016cb2585980 ConcurrentGCThread "G1 Conc#1" [stack: 0x00000009d3700000,0x00000009d3800000] [id=14848]
  0x0000016c9512aef0 ConcurrentGCThread "G1 Refine#0" [stack: 0x00000009d0b00000,0x00000009d0c00000] [id=13220]
  0x0000016cb2820910 ConcurrentGCThread "G1 Refine#1" [stack: 0x00000009d5900000,0x00000009d5a00000] [id=15612]
  0x0000016c9512e350 ConcurrentGCThread "G1 Service" [stack: 0x00000009d0c00000,0x00000009d0d00000] [id=9672]

Threads with active compile tasks:
C2 CompilerThread0    42193 8022       4       com.sun.prism.impl.ps.BaseShaderGraphics::renderShape (255 bytes)

VM state: not at safepoint (normal execution)

VM Mutex/Monitor currently owned by a thread: None

Heap address: 0x00000000c4400000, size: 956 MB, Compressed Oops mode: 32-bit

CDS archive(s) mapped at: [0x0000000800000000-0x0000000800bc0000-0x0000000800bc0000), size 12320768, SharedBaseAddress: 0x0000000800000000, ArchiveRelocationMode: 0.
Compressed class space mapped at: 0x0000000800c00000-0x0000000840c00000, reserved size: 1073741824
Narrow klass base: 0x0000000800000000, Narrow klass shift: 0, Narrow klass range: 0x100000000

GC Precious Log:
 CPUs: 8 total, 8 available
 Memory: 3818M
 Large Page Support: Disabled
 NUMA Support: Disabled
 Compressed Oops: Enabled (32-bit)
 Heap Region Size: 1M
 Heap Min Capacity: 8M
 Heap Initial Capacity: 60M
 Heap Max Capacity: 956M
 Pre-touch: Disabled
 Parallel Workers: 8
 Concurrent Workers: 2
 Concurrent Refinement Workers: 8
 Periodic GC: Disabled

Heap:
 garbage-first heap   total 157696K, used 68542K [0x00000000c4400000, 0x0000000100000000)
  region size 1024K, 22 young (22528K), 2 survivors (2048K)
 Metaspace       used 30614K, committed 31040K, reserved 1081344K
  class space    used 3996K, committed 4224K, reserved 1048576K

Heap Regions: E=young(eden), S=young(survivor), O=old, HS=humongous(starts), HC=humongous(continues), CS=collection set, F=free, OA=open archive, CA=closed archive, TAMS=top-at-mark-start (previous, next)
|   0|0x00000000c4400000, 0x00000000c4500000, 0x00000000c4500000|100%| O|  |TAMS 0x00000000c4500000, 0x00000000c4400000| Untracked 
|   1|0x00000000c4500000, 0x00000000c4600000, 0x00000000c4600000|100%| O|  |TAMS 0x00000000c4600000, 0x00000000c4500000| Untracked 
|   2|0x00000000c4600000, 0x00000000c4700000, 0x00000000c4700000|100%| O|  |TAMS 0x00000000c4700000, 0x00000000c4600000| Untracked 
|   3|0x00000000c4700000, 0x00000000c4700000, 0x00000000c4800000|  0%| F|  |TAMS 0x00000000c4700000, 0x00000000c4700000| Untracked 
|   4|0x00000000c4800000, 0x00000000c4800000, 0x00000000c4900000|  0%| F|  |TAMS 0x00000000c4800000, 0x00000000c4800000| Untracked 
|   5|0x00000000c4900000, 0x00000000c4a00000, 0x00000000c4a00000|100%| O|  |TAMS 0x00000000c4a00000, 0x00000000c4900000| Untracked 
|   6|0x00000000c4a00000, 0x00000000c4b00000, 0x00000000c4b00000|100%|HS|  |TAMS 0x00000000c4b00000, 0x00000000c4a00000| Complete 
|   7|0x00000000c4b00000, 0x00000000c4c00000, 0x00000000c4c00000|100%|HC|  |TAMS 0x00000000c4c00000, 0x00000000c4b00000| Complete 
|   8|0x00000000c4c00000, 0x00000000c4d00000, 0x00000000c4d00000|100%| O|  |TAMS 0x00000000c4d00000, 0x00000000c4c00000| Untracked 
|   9|0x00000000c4d00000, 0x00000000c4e00000, 0x00000000c4e00000|100%| O|  |TAMS 0x00000000c4e00000, 0x00000000c4d00000| Untracked 
|  10|0x00000000c4e00000, 0x00000000c4f00000, 0x00000000c4f00000|100%| O|  |TAMS 0x00000000c4f00000, 0x00000000c4e00000| Untracked 
|  11|0x00000000c4f00000, 0x00000000c5000000, 0x00000000c5000000|100%| O|  |TAMS 0x00000000c5000000, 0x00000000c4f00000| Untracked 
|  12|0x00000000c5000000, 0x00000000c5100000, 0x00000000c5100000|100%| O|  |TAMS 0x00000000c5100000, 0x00000000c5000000| Untracked 
|  13|0x00000000c5100000, 0x00000000c5200000, 0x00000000c5200000|100%| O|  |TAMS 0x00000000c5200000, 0x00000000c5100000| Untracked 
|  14|0x00000000c5200000, 0x00000000c5300000, 0x00000000c5300000|100%|HS|  |TAMS 0x00000000c5300000, 0x00000000c5200000| Complete 
|  15|0x00000000c5300000, 0x00000000c5400000, 0x00000000c5400000|100%|HC|  |TAMS 0x00000000c5400000, 0x00000000c5300000| Complete 
|  16|0x00000000c5400000, 0x00000000c5500000, 0x00000000c5500000|100%|HC|  |TAMS 0x00000000c5500000, 0x00000000c5400000| Complete 
|  17|0x00000000c5500000, 0x00000000c5600000, 0x00000000c5600000|100%|HS|  |TAMS 0x00000000c5600000, 0x00000000c5500000| Complete 
|  18|0x00000000c5600000, 0x00000000c5700000, 0x00000000c5700000|100%| O|  |TAMS 0x00000000c5700000, 0x00000000c5600000| Untracked 
|  19|0x00000000c5700000, 0x00000000c5800000, 0x00000000c5800000|100%| O|  |TAMS 0x00000000c5800000, 0x00000000c5700000| Untracked 
|  20|0x00000000c5800000, 0x00000000c5900000, 0x00000000c5900000|100%| O|  |TAMS 0x00000000c5900000, 0x00000000c5800000| Untracked 
|  21|0x00000000c5900000, 0x00000000c5a00000, 0x00000000c5a00000|100%| O|  |TAMS 0x00000000c5a00000, 0x00000000c5900000| Untracked 
|  22|0x00000000c5a00000, 0x00000000c5b00000, 0x00000000c5b00000|100%| O|  |TAMS 0x00000000c5b00000, 0x00000000c5a00000| Untracked 
|  23|0x00000000c5b00000, 0x00000000c5c00000, 0x00000000c5c00000|100%| O|  |TAMS 0x00000000c5c00000, 0x00000000c5b00000| Untracked 
|  24|0x00000000c5c00000, 0x00000000c5d00000, 0x00000000c5d00000|100%| O|  |TAMS 0x00000000c5d00000, 0x00000000c5c00000| Untracked 
|  25|0x00000000c5d00000, 0x00000000c5e00000, 0x00000000c5e00000|100%| O|  |TAMS 0x00000000c5e00000, 0x00000000c5d00000| Untracked 
|  26|0x00000000c5e00000, 0x00000000c5f00000, 0x00000000c5f00000|100%| O|  |TAMS 0x00000000c5f00000, 0x00000000c5e00000| Untracked 
|  27|0x00000000c5f00000, 0x00000000c5f00000, 0x00000000c6000000|  0%| F|  |TAMS 0x00000000c5f00000, 0x00000000c5f00000| Untracked 
|  28|0x00000000c6000000, 0x00000000c6100000, 0x00000000c6100000|100%| O|  |TAMS 0x00000000c6100000, 0x00000000c6000000| Untracked 
|  29|0x00000000c6100000, 0x00000000c6200000, 0x00000000c6200000|100%|HS|  |TAMS 0x00000000c6200000, 0x00000000c6100000| Complete 
|  30|0x00000000c6200000, 0x00000000c6300000, 0x00000000c6300000|100%|HC|  |TAMS 0x00000000c6300000, 0x00000000c6200000| Complete 
|  31|0x00000000c6300000, 0x00000000c6400000, 0x00000000c6400000|100%|HS|  |TAMS 0x00000000c6400000, 0x00000000c6300000| Complete 
|  32|0x00000000c6400000, 0x00000000c6500000, 0x00000000c6500000|100%|HC|  |TAMS 0x00000000c6500000, 0x00000000c6400000| Complete 
|  33|0x00000000c6500000, 0x00000000c6600000, 0x00000000c6600000|100%| O|  |TAMS 0x00000000c6600000, 0x00000000c6500000| Untracked 
|  34|0x00000000c6600000, 0x00000000c66ef800, 0x00000000c6700000| 93%| O|  |TAMS 0x00000000c6600000, 0x00000000c6600000| Untracked 
|  35|0x00000000c6700000, 0x00000000c6800000, 0x00000000c6800000|100%| O|  |TAMS 0x00000000c6800000, 0x00000000c6700000| Untracked 
|  36|0x00000000c6800000, 0x00000000c6900000, 0x00000000c6900000|100%| O|  |TAMS 0x00000000c6900000, 0x00000000c6800000| Untracked 
|  37|0x00000000c6900000, 0x00000000c6a00000, 0x00000000c6a00000|100%| O|  |TAMS 0x00000000c6a00000, 0x00000000c6900000| Untracked 
|  38|0x00000000c6a00000, 0x00000000c6a00000, 0x00000000c6b00000|  0%| F|  |TAMS 0x00000000c6a00000, 0x00000000c6a00000| Untracked 
|  39|0x00000000c6b00000, 0x00000000c6b00000, 0x00000000c6c00000|  0%| F|  |TAMS 0x00000000c6b00000, 0x00000000c6b00000| Untracked 
|  40|0x00000000c6c00000, 0x00000000c6d00000, 0x00000000c6d00000|100%| O|  |TAMS 0x00000000c6d00000, 0x00000000c6c00000| Complete 
|  41|0x00000000c6d00000, 0x00000000c6e00000, 0x00000000c6e00000|100%| O|  |TAMS 0x00000000c6e00000, 0x00000000c6d00000| Untracked 
|  42|0x00000000c6e00000, 0x00000000c6f00000, 0x00000000c6f00000|100%| O|  |TAMS 0x00000000c6f00000, 0x00000000c6e00000| Untracked 
|  43|0x00000000c6f00000, 0x00000000c7000000, 0x00000000c7000000|100%|HS|  |TAMS 0x00000000c7000000, 0x00000000c6f00000| Complete 
|  44|0x00000000c7000000, 0x00000000c7100000, 0x00000000c7100000|100%| O|  |TAMS 0x00000000c70c0200, 0x00000000c7000000| Untracked 
|  45|0x00000000c7100000, 0x00000000c7200000, 0x00000000c7200000|100%|HS|  |TAMS 0x00000000c7200000, 0x00000000c7100000| Complete 
|  46|0x00000000c7200000, 0x00000000c7200000, 0x00000000c7300000|  0%| F|  |TAMS 0x00000000c7200000, 0x00000000c7200000| Untracked 
|  47|0x00000000c7300000, 0x00000000c7400000, 0x00000000c7400000|100%|HS|  |TAMS 0x00000000c7400000, 0x00000000c7300000| Complete 
|  48|0x00000000c7400000, 0x00000000c7400000, 0x00000000c7500000|  0%| F|  |TAMS 0x00000000c7400000, 0x00000000c7400000| Untracked 
|  49|0x00000000c7500000, 0x00000000c7600000, 0x00000000c7600000|100%|HS|  |TAMS 0x00000000c7600000, 0x00000000c7500000| Complete 
|  50|0x00000000c7600000, 0x00000000c7700000, 0x00000000c7700000|100%|HS|  |TAMS 0x00000000c7700000, 0x00000000c7600000| Complete 
|  51|0x00000000c7700000, 0x00000000c7800000, 0x00000000c7800000|100%|HC|  |TAMS 0x00000000c7800000, 0x00000000c7700000| Complete 
|  52|0x00000000c7800000, 0x00000000c7800000, 0x00000000c7900000|  0%| F|  |TAMS 0x00000000c7800000, 0x00000000c7800000| Untracked 
|  53|0x00000000c7900000, 0x00000000c7900000, 0x00000000c7a00000|  0%| F|  |TAMS 0x00000000c7900000, 0x00000000c7900000| Untracked 
|  54|0x00000000c7a00000, 0x00000000c7b00000, 0x00000000c7b00000|100%| O|  |TAMS 0x00000000c7b00000, 0x00000000c7a00000| Untracked 
|  55|0x00000000c7b00000, 0x00000000c7c00000, 0x00000000c7c00000|100%| O|  |TAMS 0x00000000c7c00000, 0x00000000c7b00000| Untracked 
|  56|0x00000000c7c00000, 0x00000000c7c00000, 0x00000000c7d00000|  0%| F|  |TAMS 0x00000000c7c00000, 0x00000000c7c00000| Untracked 
|  57|0x00000000c7d00000, 0x00000000c7d00000, 0x00000000c7e00000|  0%| F|  |TAMS 0x00000000c7d00000, 0x00000000c7d00000| Untracked 
|  58|0x00000000c7e00000, 0x00000000c7e00000, 0x00000000c7f00000|  0%| F|  |TAMS 0x00000000c7e00000, 0x00000000c7e00000| Untracked 
|  59|0x00000000c7f00000, 0x00000000c7f00000, 0x00000000c8000000|  0%| F|  |TAMS 0x00000000c7f00000, 0x00000000c7f00000| Untracked 
|  60|0x00000000c8000000, 0x00000000c8000000, 0x00000000c8100000|  0%| F|  |TAMS 0x00000000c8000000, 0x00000000c8000000| Untracked 
|  61|0x00000000c8100000, 0x00000000c8100000, 0x00000000c8200000|  0%| F|  |TAMS 0x00000000c8100000, 0x00000000c8100000| Untracked 
|  62|0x00000000c8200000, 0x00000000c8200000, 0x00000000c8300000|  0%| F|  |TAMS 0x00000000c8200000, 0x00000000c8200000| Untracked 
|  63|0x00000000c8300000, 0x00000000c8400000, 0x00000000c8400000|100%| S|CS|TAMS 0x00000000c8300000, 0x00000000c8300000| Complete 
|  64|0x00000000c8400000, 0x00000000c8500000, 0x00000000c8500000|100%| S|CS|TAMS 0x00000000c8400000, 0x00000000c8400000| Complete 
|  65|0x00000000c8500000, 0x00000000c8500000, 0x00000000c8600000|  0%| F|  |TAMS 0x00000000c8500000, 0x00000000c8500000| Untracked 
|  66|0x00000000c8600000, 0x00000000c8600000, 0x00000000c8700000|  0%| F|  |TAMS 0x00000000c8600000, 0x00000000c8600000| Untracked 
|  67|0x00000000c8700000, 0x00000000c8700000, 0x00000000c8800000|  0%| F|  |TAMS 0x00000000c8700000, 0x00000000c8700000| Untracked 
|  68|0x00000000c8800000, 0x00000000c8800000, 0x00000000c8900000|  0%| F|  |TAMS 0x00000000c8800000, 0x00000000c8800000| Untracked 
|  69|0x00000000c8900000, 0x00000000c8900000, 0x00000000c8a00000|  0%| F|  |TAMS 0x00000000c8900000, 0x00000000c8900000| Untracked 
|  70|0x00000000c8a00000, 0x00000000c8a00000, 0x00000000c8b00000|  0%| F|  |TAMS 0x00000000c8a00000, 0x00000000c8a00000| Untracked 
|  71|0x00000000c8b00000, 0x00000000c8b00000, 0x00000000c8c00000|  0%| F|  |TAMS 0x00000000c8b00000, 0x00000000c8b00000| Untracked 
|  72|0x00000000c8c00000, 0x00000000c8c00000, 0x00000000c8d00000|  0%| F|  |TAMS 0x00000000c8c00000, 0x00000000c8c00000| Untracked 
|  73|0x00000000c8d00000, 0x00000000c8d00000, 0x00000000c8e00000|  0%| F|  |TAMS 0x00000000c8d00000, 0x00000000c8d00000| Untracked 
|  74|0x00000000c8e00000, 0x00000000c8e00000, 0x00000000c8f00000|  0%| F|  |TAMS 0x00000000c8e00000, 0x00000000c8e00000| Untracked 
|  75|0x00000000c8f00000, 0x00000000c8f00000, 0x00000000c9000000|  0%| F|  |TAMS 0x00000000c8f00000, 0x00000000c8f00000| Untracked 
|  76|0x00000000c9000000, 0x00000000c9000000, 0x00000000c9100000|  0%| F|  |TAMS 0x00000000c9000000, 0x00000000c9000000| Untracked 
|  77|0x00000000c9100000, 0x00000000c9100000, 0x00000000c9200000|  0%| F|  |TAMS 0x00000000c9100000, 0x00000000c9100000| Untracked 
|  78|0x00000000c9200000, 0x00000000c9200000, 0x00000000c9300000|  0%| F|  |TAMS 0x00000000c9200000, 0x00000000c9200000| Untracked 
|  79|0x00000000c9300000, 0x00000000c9300000, 0x00000000c9400000|  0%| F|  |TAMS 0x00000000c9300000, 0x00000000c9300000| Untracked 
|  80|0x00000000c9400000, 0x00000000c9400000, 0x00000000c9500000|  0%| F|  |TAMS 0x00000000c9400000, 0x00000000c9400000| Untracked 
|  81|0x00000000c9500000, 0x00000000c9500000, 0x00000000c9600000|  0%| F|  |TAMS 0x00000000c9500000, 0x00000000c9500000| Untracked 
|  82|0x00000000c9600000, 0x00000000c9600000, 0x00000000c9700000|  0%| F|  |TAMS 0x00000000c9600000, 0x00000000c9600000| Untracked 
|  83|0x00000000c9700000, 0x00000000c9700000, 0x00000000c9800000|  0%| F|  |TAMS 0x00000000c9700000, 0x00000000c9700000| Untracked 
|  84|0x00000000c9800000, 0x00000000c9800000, 0x00000000c9900000|  0%| F|  |TAMS 0x00000000c9800000, 0x00000000c9800000| Untracked 
|  85|0x00000000c9900000, 0x00000000c9900000, 0x00000000c9a00000|  0%| F|  |TAMS 0x00000000c9900000, 0x00000000c9900000| Untracked 
|  86|0x00000000c9a00000, 0x00000000c9a00000, 0x00000000c9b00000|  0%| F|  |TAMS 0x00000000c9a00000, 0x00000000c9a00000| Untracked 
|  87|0x00000000c9b00000, 0x00000000c9b00000, 0x00000000c9c00000|  0%| F|  |TAMS 0x00000000c9b00000, 0x00000000c9b00000| Untracked 
|  88|0x00000000c9c00000, 0x00000000c9c00000, 0x00000000c9d00000|  0%| F|  |TAMS 0x00000000c9c00000, 0x00000000c9c00000| Untracked 
|  89|0x00000000c9d00000, 0x00000000c9d00000, 0x00000000c9e00000|  0%| F|  |TAMS 0x00000000c9d00000, 0x00000000c9d00000| Untracked 
|  90|0x00000000c9e00000, 0x00000000c9e00000, 0x00000000c9f00000|  0%| F|  |TAMS 0x00000000c9e00000, 0x00000000c9e00000| Untracked 
|  91|0x00000000c9f00000, 0x00000000c9f00000, 0x00000000ca000000|  0%| F|  |TAMS 0x00000000c9f00000, 0x00000000c9f00000| Untracked 
|  92|0x00000000ca000000, 0x00000000ca000000, 0x00000000ca100000|  0%| F|  |TAMS 0x00000000ca000000, 0x00000000ca000000| Untracked 
|  93|0x00000000ca100000, 0x00000000ca100000, 0x00000000ca200000|  0%| F|  |TAMS 0x00000000ca100000, 0x00000000ca100000| Untracked 
|  94|0x00000000ca200000, 0x00000000ca200000, 0x00000000ca300000|  0%| F|  |TAMS 0x00000000ca200000, 0x00000000ca200000| Untracked 
|  95|0x00000000ca300000, 0x00000000ca300000, 0x00000000ca400000|  0%| F|  |TAMS 0x00000000ca300000, 0x00000000ca300000| Untracked 
|  96|0x00000000ca400000, 0x00000000ca400000, 0x00000000ca500000|  0%| F|  |TAMS 0x00000000ca400000, 0x00000000ca400000| Untracked 
|  97|0x00000000ca500000, 0x00000000ca500000, 0x00000000ca600000|  0%| F|  |TAMS 0x00000000ca500000, 0x00000000ca500000| Untracked 
|  98|0x00000000ca600000, 0x00000000ca600000, 0x00000000ca700000|  0%| F|  |TAMS 0x00000000ca600000, 0x00000000ca600000| Untracked 
|  99|0x00000000ca700000, 0x00000000ca700000, 0x00000000ca800000|  0%| F|  |TAMS 0x00000000ca700000, 0x00000000ca700000| Untracked 
| 100|0x00000000ca800000, 0x00000000ca800000, 0x00000000ca900000|  0%| F|  |TAMS 0x00000000ca800000, 0x00000000ca800000| Untracked 
| 101|0x00000000ca900000, 0x00000000ca900000, 0x00000000caa00000|  0%| F|  |TAMS 0x00000000ca900000, 0x00000000ca900000| Untracked 
| 102|0x00000000caa00000, 0x00000000caa00000, 0x00000000cab00000|  0%| F|  |TAMS 0x00000000caa00000, 0x00000000caa00000| Untracked 
| 103|0x00000000cab00000, 0x00000000cab00000, 0x00000000cac00000|  0%| F|  |TAMS 0x00000000cab00000, 0x00000000cab00000| Untracked 
| 104|0x00000000cac00000, 0x00000000cac00000, 0x00000000cad00000|  0%| F|  |TAMS 0x00000000cac00000, 0x00000000cac00000| Untracked 
| 105|0x00000000cad00000, 0x00000000cad00000, 0x00000000cae00000|  0%| F|  |TAMS 0x00000000cad00000, 0x00000000cad00000| Untracked 
| 106|0x00000000cae00000, 0x00000000cae00000, 0x00000000caf00000|  0%| F|  |TAMS 0x00000000cae00000, 0x00000000cae00000| Untracked 
| 107|0x00000000caf00000, 0x00000000caf00000, 0x00000000cb000000|  0%| F|  |TAMS 0x00000000caf00000, 0x00000000caf00000| Untracked 
| 108|0x00000000cb000000, 0x00000000cb000000, 0x00000000cb100000|  0%| F|  |TAMS 0x00000000cb000000, 0x00000000cb000000| Untracked 
| 109|0x00000000cb100000, 0x00000000cb100000, 0x00000000cb200000|  0%| F|  |TAMS 0x00000000cb100000, 0x00000000cb100000| Untracked 
| 110|0x00000000cb200000, 0x00000000cb200000, 0x00000000cb300000|  0%| F|  |TAMS 0x00000000cb200000, 0x00000000cb200000| Untracked 
| 111|0x00000000cb300000, 0x00000000cb300000, 0x00000000cb400000|  0%| F|  |TAMS 0x00000000cb300000, 0x00000000cb300000| Untracked 
| 112|0x00000000cb400000, 0x00000000cb400000, 0x00000000cb500000|  0%| F|  |TAMS 0x00000000cb400000, 0x00000000cb400000| Untracked 
| 113|0x00000000cb500000, 0x00000000cb500000, 0x00000000cb600000|  0%| F|  |TAMS 0x00000000cb500000, 0x00000000cb500000| Untracked 
| 114|0x00000000cb600000, 0x00000000cb600000, 0x00000000cb700000|  0%| F|  |TAMS 0x00000000cb600000, 0x00000000cb600000| Untracked 
| 115|0x00000000cb700000, 0x00000000cb700000, 0x00000000cb800000|  0%| F|  |TAMS 0x00000000cb700000, 0x00000000cb700000| Untracked 
| 116|0x00000000cb800000, 0x00000000cb800000, 0x00000000cb900000|  0%| F|  |TAMS 0x00000000cb800000, 0x00000000cb800000| Untracked 
| 117|0x00000000cb900000, 0x00000000cb900000, 0x00000000cba00000|  0%| F|  |TAMS 0x00000000cb900000, 0x00000000cb900000| Untracked 
| 118|0x00000000cba00000, 0x00000000cba00000, 0x00000000cbb00000|  0%| F|  |TAMS 0x00000000cba00000, 0x00000000cba00000| Untracked 
| 119|0x00000000cbb00000, 0x00000000cbb00000, 0x00000000cbc00000|  0%| F|  |TAMS 0x00000000cbb00000, 0x00000000cbb00000| Untracked 
| 120|0x00000000cbc00000, 0x00000000cbc00000, 0x00000000cbd00000|  0%| F|  |TAMS 0x00000000cbc00000, 0x00000000cbc00000| Untracked 
| 121|0x00000000cbd00000, 0x00000000cbd00000, 0x00000000cbe00000|  0%| F|  |TAMS 0x00000000cbd00000, 0x00000000cbd00000| Untracked 
| 122|0x00000000cbe00000, 0x00000000cbe00000, 0x00000000cbf00000|  0%| F|  |TAMS 0x00000000cbe00000, 0x00000000cbe00000| Untracked 
| 123|0x00000000cbf00000, 0x00000000cbf00000, 0x00000000cc000000|  0%| F|  |TAMS 0x00000000cbf00000, 0x00000000cbf00000| Untracked 
| 124|0x00000000cc000000, 0x00000000cc000000, 0x00000000cc100000|  0%| F|  |TAMS 0x00000000cc000000, 0x00000000cc000000| Untracked 
| 125|0x00000000cc100000, 0x00000000cc100000, 0x00000000cc200000|  0%| F|  |TAMS 0x00000000cc100000, 0x00000000cc100000| Untracked 
| 126|0x00000000cc200000, 0x00000000cc200000, 0x00000000cc300000|  0%| F|  |TAMS 0x00000000cc200000, 0x00000000cc200000| Untracked 
| 127|0x00000000cc300000, 0x00000000cc300000, 0x00000000cc400000|  0%| F|  |TAMS 0x00000000cc300000, 0x00000000cc300000| Untracked 
| 128|0x00000000cc400000, 0x00000000cc400000, 0x00000000cc500000|  0%| F|  |TAMS 0x00000000cc400000, 0x00000000cc400000| Untracked 
| 129|0x00000000cc500000, 0x00000000cc500000, 0x00000000cc600000|  0%| F|  |TAMS 0x00000000cc500000, 0x00000000cc500000| Untracked 
| 130|0x00000000cc600000, 0x00000000cc600000, 0x00000000cc700000|  0%| F|  |TAMS 0x00000000cc600000, 0x00000000cc600000| Untracked 
| 131|0x00000000cc700000, 0x00000000cc700000, 0x00000000cc800000|  0%| F|  |TAMS 0x00000000cc700000, 0x00000000cc700000| Untracked 
| 132|0x00000000cc800000, 0x00000000cc800000, 0x00000000cc900000|  0%| F|  |TAMS 0x00000000cc800000, 0x00000000cc800000| Untracked 
| 133|0x00000000cc900000, 0x00000000cc900000, 0x00000000cca00000|  0%| F|  |TAMS 0x00000000cc900000, 0x00000000cc900000| Untracked 
| 134|0x00000000cca00000, 0x00000000ccac82d8, 0x00000000ccb00000| 78%| E|  |TAMS 0x00000000cca00000, 0x00000000cca00000| Complete 
| 135|0x00000000ccb00000, 0x00000000ccc00000, 0x00000000ccc00000|100%| E|CS|TAMS 0x00000000ccb00000, 0x00000000ccb00000| Complete 
| 136|0x00000000ccc00000, 0x00000000ccd00000, 0x00000000ccd00000|100%| E|CS|TAMS 0x00000000ccc00000, 0x00000000ccc00000| Complete 
| 137|0x00000000ccd00000, 0x00000000cce00000, 0x00000000cce00000|100%| E|CS|TAMS 0x00000000ccd00000, 0x00000000ccd00000| Complete 
| 138|0x00000000cce00000, 0x00000000ccf00000, 0x00000000ccf00000|100%| E|CS|TAMS 0x00000000cce00000, 0x00000000cce00000| Complete 
| 139|0x00000000ccf00000, 0x00000000cd000000, 0x00000000cd000000|100%| E|CS|TAMS 0x00000000ccf00000, 0x00000000ccf00000| Complete 
| 140|0x00000000cd000000, 0x00000000cd100000, 0x00000000cd100000|100%| E|CS|TAMS 0x00000000cd000000, 0x00000000cd000000| Complete 
| 141|0x00000000cd100000, 0x00000000cd200000, 0x00000000cd200000|100%| E|CS|TAMS 0x00000000cd100000, 0x00000000cd100000| Complete 
| 142|0x00000000cd200000, 0x00000000cd300000, 0x00000000cd300000|100%| E|CS|TAMS 0x00000000cd200000, 0x00000000cd200000| Complete 
| 143|0x00000000cd300000, 0x00000000cd400000, 0x00000000cd400000|100%| E|CS|TAMS 0x00000000cd300000, 0x00000000cd300000| Complete 
| 144|0x00000000cd400000, 0x00000000cd500000, 0x00000000cd500000|100%| E|CS|TAMS 0x00000000cd400000, 0x00000000cd400000| Complete 
| 145|0x00000000cd500000, 0x00000000cd600000, 0x00000000cd600000|100%| E|CS|TAMS 0x00000000cd500000, 0x00000000cd500000| Complete 
| 146|0x00000000cd600000, 0x00000000cd700000, 0x00000000cd700000|100%| E|CS|TAMS 0x00000000cd600000, 0x00000000cd600000| Complete 
| 147|0x00000000cd700000, 0x00000000cd800000, 0x00000000cd800000|100%| E|CS|TAMS 0x00000000cd700000, 0x00000000cd700000| Complete 
| 148|0x00000000cd800000, 0x00000000cd900000, 0x00000000cd900000|100%| E|CS|TAMS 0x00000000cd800000, 0x00000000cd800000| Complete 
| 149|0x00000000cd900000, 0x00000000cda00000, 0x00000000cda00000|100%| E|CS|TAMS 0x00000000cd900000, 0x00000000cd900000| Complete 
| 150|0x00000000cda00000, 0x00000000cdb00000, 0x00000000cdb00000|100%| E|CS|TAMS 0x00000000cda00000, 0x00000000cda00000| Complete 
| 151|0x00000000cdb00000, 0x00000000cdc00000, 0x00000000cdc00000|100%| E|CS|TAMS 0x00000000cdb00000, 0x00000000cdb00000| Complete 
| 152|0x00000000cdc00000, 0x00000000cdd00000, 0x00000000cdd00000|100%| E|CS|TAMS 0x00000000cdc00000, 0x00000000cdc00000| Complete 
| 153|0x00000000cdd00000, 0x00000000cde00000, 0x00000000cde00000|100%| E|  |TAMS 0x00000000cdd00000, 0x00000000cdd00000| Complete 

Card table byte_map: [0x0000016cabdb0000,0x0000016cabf90000] _byte_map_base: 0x0000016cab78e000

Marking Bits (Prev, Next): (CMBitMap*) 0x0000016c950d0210, (CMBitMap*) 0x0000016c950d0250
 Prev Bits: [0x0000016cac170000, 0x0000016cad060000)
 Next Bits: [0x0000016cad060000, 0x0000016cadf50000)

Polling page: 0x0000016c94880000

Metaspace:

Usage:
  Non-class:     25.99 MB used.
      Class:      3.90 MB used.
       Both:     29.90 MB used.

Virtual space:
  Non-class space:       32.00 MB reserved,      26.19 MB ( 82%) committed,  4 nodes.
      Class space:        1.00 GB reserved,       4.12 MB ( <1%) committed,  1 nodes.
             Both:        1.03 GB reserved,      30.31 MB (  3%) committed. 

Chunk freelists:
   Non-Class:  1.64 MB
       Class:  3.89 MB
        Both:  5.53 MB

MaxMetaspaceSize: unlimited
CompressedClassSpaceSize: 1.00 GB
Initial GC threshold: 21.00 MB
Current GC threshold: 50.44 MB
CDS: on
MetaspaceReclaimPolicy: balanced
 - commit_granule_bytes: 65536.
 - commit_granule_words: 8192.
 - virtual_space_node_default_size: 1048576.
 - enlarge_chunks_in_place: 1.
 - new_chunks_are_fully_committed: 0.
 - uncommit_free_chunks: 1.
 - use_allocation_guard: 0.
 - handle_deallocations: 1.


Internal statistics:

num_allocs_failed_limit: 3.
num_arena_births: 502.
num_arena_deaths: 0.
num_vsnodes_births: 5.
num_vsnodes_deaths: 0.
num_space_committed: 485.
num_space_uncommitted: 0.
num_chunks_returned_to_freelist: 3.
num_chunks_taken_from_freelist: 1455.
num_chunk_merges: 3.
num_chunk_splits: 934.
num_chunks_enlarged: 644.
num_purges: 0.
num_inconsistent_stats: 0.

CodeHeap 'non-profiled nmethods': size=120000Kb used=3348Kb max_used=4116Kb free=116651Kb
 bounds [0x0000016ca4370000, 0x0000016ca4780000, 0x0000016cab8a0000]
CodeHeap 'profiled nmethods': size=120000Kb used=13377Kb max_used=14104Kb free=106623Kb
 bounds [0x0000016c9ce40000, 0x0000016c9dc10000, 0x0000016ca4370000]
CodeHeap 'non-nmethods': size=5760Kb used=1559Kb max_used=1601Kb free=4200Kb
 bounds [0x0000016c9c8a0000, 0x0000016c9cb10000, 0x0000016c9ce40000]
 total_blobs=7558 nmethods=6622 adapters=848
 compilation: enabled
              stopped_count=0, restarted_count=0
 full_count=0

Compilation events (20 events):
Event: 41.990 Thread 0x0000016c95172860 nmethod 8021 0x0000016ca455df10 code [0x0000016ca455e1c0, 0x0000016ca455e5b8]
Event: 41.991 Thread 0x0000016c95172860 8020       4       com.sun.marlin.RendererContext::dispose (93 bytes)
Event: 41.992 Thread 0x0000016c95172860 nmethod 8020 0x0000016ca43d2610 code [0x0000016ca43d2780, 0x0000016ca43d2838]
Event: 41.993 Thread 0x0000016c95172860 8022       4       com.sun.prism.impl.ps.BaseShaderGraphics::renderShape (255 bytes)
Event: 41.993 Thread 0x0000016c95174a40 8023   !   3       jdk.internal.net.http.common.Utils::encode (176 bytes)
Event: 41.995 Thread 0x0000016c95174a40 nmethod 8023 0x0000016c9cf3d390 code [0x0000016c9cf3d720, 0x0000016c9cf3eae8]
Event: 41.995 Thread 0x0000016c95174a40 8024       3       java.util.TreeMap::fixAfterInsertion (267 bytes)
Event: 41.997 Thread 0x0000016c95174a40 nmethod 8024 0x0000016c9d6b9b10 code [0x0000016c9d6b9fc0, 0x0000016c9d6bc698]
Event: 42.021 Thread 0x0000016c95174a40 8026       3       com.sun.glass.ui.Screen::getScreens (20 bytes)
Event: 42.023 Thread 0x0000016c95174a40 nmethod 8026 0x0000016c9d24de90 code [0x0000016c9d24e040, 0x0000016c9d24e248]
Event: 42.032 Thread 0x0000016c95174a40 8028       3       java.util.LinkedList::remove (15 bytes)
Event: 42.035 Thread 0x0000016c95174a40 nmethod 8028 0x0000016c9d24d690 code [0x0000016c9d24d880, 0x0000016c9d24dcd8]
Event: 42.035 Thread 0x0000016c95174a40 8029       3       com.sun.webkit.graphics.WCRectangle::intersection (166 bytes)
Event: 42.035 Thread 0x0000016c95174a40 nmethod 8029 0x0000016c9d33bc10 code [0x0000016c9d33be00, 0x0000016c9d33c2d8]
Event: 42.044 Thread 0x0000016c95174a40 8031       3       com.sun.prism.GraphicsPipeline::getDefaultResourceFactory (12 bytes)
Event: 42.046 Thread 0x0000016c95174a40 nmethod 8031 0x0000016c9d33b490 code [0x0000016c9d33b660, 0x0000016c9d33ba58]
Event: 42.046 Thread 0x0000016c95174a40 8032       3       com.sun.prism.d3d.D3DPipeline::getDefaultResourceFactory (20 bytes)
Event: 42.047 Thread 0x0000016c95174a40 nmethod 8032 0x0000016c9d6b9710 code [0x0000016c9d6b98c0, 0x0000016c9d6b9a88]
Event: 42.047 Thread 0x0000016c95174a40 8033       3       com.sun.javafx.webkit.prism.WCGraphicsPrismContext::setClip (32 bytes)
Event: 42.048 Thread 0x0000016c95174a40 nmethod 8033 0x0000016c9d6b9090 code [0x0000016c9d6b9260, 0x0000016c9d6b95c8]

GC Heap History (20 events):
Event: 35.942 GC heap before
{Heap before GC invocations=18 (full 0):
 garbage-first heap   total 61440K, used 36172K [0x00000000c4400000, 0x0000000100000000)
  region size 1024K, 4 young (4096K), 3 survivors (3072K)
 Metaspace       used 30142K, committed 30528K, reserved 1081344K
  class space    used 3995K, committed 4224K, reserved 1048576K
}
Event: 35.944 GC heap after
{Heap after GC invocations=19 (full 0):
 garbage-first heap   total 61440K, used 33464K [0x00000000c4400000, 0x0000000100000000)
  region size 1024K, 1 young (1024K), 1 survivors (1024K)
 Metaspace       used 30142K, committed 30528K, reserved 1081344K
  class space    used 3995K, committed 4224K, reserved 1048576K
}
Event: 37.280 GC heap before
{Heap before GC invocations=19 (full 0):
 garbage-first heap   total 61440K, used 47800K [0x00000000c4400000, 0x0000000100000000)
  region size 1024K, 16 young (16384K), 1 survivors (1024K)
 Metaspace       used 30333K, committed 30784K, reserved 1081344K
  class space    used 3996K, committed 4224K, reserved 1048576K
}
Event: 37.283 GC heap after
{Heap after GC invocations=20 (full 0):
 garbage-first heap   total 61440K, used 34228K [0x00000000c4400000, 0x0000000100000000)
  region size 1024K, 1 young (1024K), 1 survivors (1024K)
 Metaspace       used 30333K, committed 30784K, reserved 1081344K
  class space    used 3996K, committed 4224K, reserved 1048576K
}
Event: 38.073 GC heap before
{Heap before GC invocations=21 (full 0):
 garbage-first heap   total 61440K, used 48564K [0x00000000c4400000, 0x0000000100000000)
  region size 1024K, 16 young (16384K), 1 survivors (1024K)
 Metaspace       used 30472K, committed 30912K, reserved 1081344K
  class space    used 3996K, committed 4224K, reserved 1048576K
}
Event: 38.074 GC heap after
{Heap after GC invocations=22 (full 0):
 garbage-first heap   total 61440K, used 34614K [0x00000000c4400000, 0x0000000100000000)
  region size 1024K, 2 young (2048K), 2 survivors (2048K)
 Metaspace       used 30472K, committed 30912K, reserved 1081344K
  class space    used 3996K, committed 4224K, reserved 1048576K
}
Event: 39.358 GC heap before
{Heap before GC invocations=22 (full 0):
 garbage-first heap   total 61440K, used 48950K [0x00000000c4400000, 0x0000000100000000)
  region size 1024K, 17 young (17408K), 2 survivors (2048K)
 Metaspace       used 30556K, committed 30976K, reserved 1081344K
  class space    used 3996K, committed 4224K, reserved 1048576K
}
Event: 39.360 GC heap after
{Heap after GC invocations=23 (full 0):
 garbage-first heap   total 61440K, used 38815K [0x00000000c4400000, 0x0000000100000000)
  region size 1024K, 3 young (3072K), 3 survivors (3072K)
 Metaspace       used 30556K, committed 30976K, reserved 1081344K
  class space    used 3996K, committed 4224K, reserved 1048576K
}
Event: 39.587 GC heap before
{Heap before GC invocations=24 (full 0):
 garbage-first heap   total 68608K, used 50079K [0x00000000c4400000, 0x0000000100000000)
  region size 1024K, 14 young (14336K), 3 survivors (3072K)
 Metaspace       used 30559K, committed 30976K, reserved 1081344K
  class space    used 3996K, committed 4224K, reserved 1048576K
}
Event: 39.596 GC heap after
{Heap after GC invocations=25 (full 0):
 garbage-first heap   total 68608K, used 41248K [0x00000000c4400000, 0x0000000100000000)
  region size 1024K, 2 young (2048K), 2 survivors (2048K)
 Metaspace       used 30559K, committed 30976K, reserved 1081344K
  class space    used 3996K, committed 4224K, reserved 1048576K
}
Event: 39.601 GC heap before
{Heap before GC invocations=25 (full 0):
 garbage-first heap   total 68608K, used 42272K [0x00000000c4400000, 0x0000000100000000)
  region size 1024K, 3 young (3072K), 2 survivors (2048K)
 Metaspace       used 30559K, committed 30976K, reserved 1081344K
  class space    used 3996K, committed 4224K, reserved 1048576K
}
Event: 39.603 GC heap after
{Heap after GC invocations=26 (full 0):
 garbage-first heap   total 68608K, used 41485K [0x00000000c4400000, 0x0000000100000000)
  region size 1024K, 1 young (1024K), 1 survivors (1024K)
 Metaspace       used 30559K, committed 30976K, reserved 1081344K
  class space    used 3996K, committed 4224K, reserved 1048576K
}
Event: 39.808 GC heap before
{Heap before GC invocations=26 (full 0):
 garbage-first heap   total 68608K, used 52749K [0x00000000c4400000, 0x0000000100000000)
  region size 1024K, 13 young (13312K), 1 survivors (1024K)
 Metaspace       used 30564K, committed 30976K, reserved 1081344K
  class space    used 3996K, committed 4224K, reserved 1048576K
}
Event: 39.812 GC heap after
{Heap after GC invocations=27 (full 0):
 garbage-first heap   total 68608K, used 44754K [0x00000000c4400000, 0x0000000100000000)
  region size 1024K, 2 young (2048K), 2 survivors (2048K)
 Metaspace       used 30564K, committed 30976K, reserved 1081344K
  class space    used 3996K, committed 4224K, reserved 1048576K
}
Event: 40.509 GC heap before
{Heap before GC invocations=28 (full 0):
 garbage-first heap   total 78848K, used 64210K [0x00000000c4400000, 0x0000000100000000)
  region size 1024K, 11 young (11264K), 2 survivors (2048K)
 Metaspace       used 30593K, committed 31040K, reserved 1081344K
  class space    used 3996K, committed 4224K, reserved 1048576K
}
Event: 40.517 GC heap after
{Heap after GC invocations=29 (full 0):
 garbage-first heap   total 78848K, used 52145K [0x00000000c4400000, 0x0000000100000000)
  region size 1024K, 2 young (2048K), 2 survivors (2048K)
 Metaspace       used 30593K, committed 31040K, reserved 1081344K
  class space    used 3996K, committed 4224K, reserved 1048576K
}
Event: 40.541 GC heap before
{Heap before GC invocations=29 (full 0):
 garbage-first heap   total 78848K, used 53169K [0x00000000c4400000, 0x0000000100000000)
  region size 1024K, 3 young (3072K), 2 survivors (2048K)
 Metaspace       used 30593K, committed 31040K, reserved 1081344K
  class space    used 3996K, committed 4224K, reserved 1048576K
}
Event: 40.547 GC heap after
{Heap after GC invocations=30 (full 0):
 garbage-first heap   total 78848K, used 50207K [0x00000000c4400000, 0x0000000100000000)
  region size 1024K, 1 young (1024K), 1 survivors (1024K)
 Metaspace       used 30593K, committed 31040K, reserved 1081344K
  class space    used 3996K, committed 4224K, reserved 1048576K
}
Event: 40.788 GC heap before
{Heap before GC invocations=30 (full 0):
 garbage-first heap   total 78848K, used 61471K [0x00000000c4400000, 0x0000000100000000)
  region size 1024K, 12 young (12288K), 1 survivors (1024K)
 Metaspace       used 30593K, committed 31040K, reserved 1081344K
  class space    used 3996K, committed 4224K, reserved 1048576K
}
Event: 40.795 GC heap after
{Heap after GC invocations=31 (full 0):
 garbage-first heap   total 157696K, used 53182K [0x00000000c4400000, 0x0000000100000000)
  region size 1024K, 2 young (2048K), 2 survivors (2048K)
 Metaspace       used 30593K, committed 31040K, reserved 1081344K
  class space    used 3996K, committed 4224K, reserved 1048576K
}

Deoptimization events (20 events):
Event: 40.777 Thread 0x0000016cb2161370 Uncommon trap: trap_request=0xffffffd6 fr.pc=0x0000016ca45da94c relative=0x000000000000068c
Event: 40.777 Thread 0x0000016cb2161370 Uncommon trap: reason=array_check action=maybe_recompile pc=0x0000016ca45da94c method=java.util.TimSort.binarySort([Ljava/lang/Object;IIILjava/util/Comparator;)V @ 215 c2
Event: 40.777 Thread 0x0000016cb2161370 DEOPT PACKING pc=0x0000016ca45da94c sp=0x00000009d1cfd3c0
Event: 40.777 Thread 0x0000016cb2161370 DEOPT UNPACKING pc=0x0000016c9c8f5c23 sp=0x00000009d1cfd358 mode 2
Event: 40.866 Thread 0x0000016cb1e24900 Uncommon trap: trap_request=0xffffff45 fr.pc=0x0000016ca474e3e4 relative=0x0000000000000224
Event: 40.866 Thread 0x0000016cb1e24900 Uncommon trap: reason=unstable_if action=reinterpret pc=0x0000016ca474e3e4 method=java.net.URI$Parser.scan(IIJJ)I @ 60 c2
Event: 40.866 Thread 0x0000016cb1e24900 DEOPT PACKING pc=0x0000016ca474e3e4 sp=0x00000009d1efa940
Event: 40.866 Thread 0x0000016cb1e24900 DEOPT UNPACKING pc=0x0000016c9c8f5c23 sp=0x00000009d1efa8b8 mode 2
Event: 41.028 Thread 0x0000016cb2161370 Uncommon trap: trap_request=0xffffffd6 fr.pc=0x0000016ca447d8ec relative=0x00000000000007ac
Event: 41.028 Thread 0x0000016cb2161370 Uncommon trap: reason=array_check action=maybe_recompile pc=0x0000016ca447d8ec method=java.util.TimSort.binarySort([Ljava/lang/Object;IIILjava/util/Comparator;)V @ 193 c2
Event: 41.028 Thread 0x0000016cb2161370 DEOPT PACKING pc=0x0000016ca447d8ec sp=0x00000009d1cfd2d0
Event: 41.028 Thread 0x0000016cb2161370 DEOPT UNPACKING pc=0x0000016c9c8f5c23 sp=0x00000009d1cfd268 mode 2
Event: 41.028 Thread 0x0000016cb2161370 Uncommon trap: trap_request=0xffffffd6 fr.pc=0x0000016ca447d8ec relative=0x00000000000007ac
Event: 41.028 Thread 0x0000016cb2161370 Uncommon trap: reason=array_check action=maybe_recompile pc=0x0000016ca447d8ec method=java.util.TimSort.binarySort([Ljava/lang/Object;IIILjava/util/Comparator;)V @ 193 c2
Event: 41.028 Thread 0x0000016cb2161370 DEOPT PACKING pc=0x0000016ca447d8ec sp=0x00000009d1cfd2d0
Event: 41.028 Thread 0x0000016cb2161370 DEOPT UNPACKING pc=0x0000016c9c8f5c23 sp=0x00000009d1cfd268 mode 2
Event: 41.029 Thread 0x0000016cb2161370 Uncommon trap: trap_request=0xffffffd6 fr.pc=0x0000016ca45da94c relative=0x000000000000068c
Event: 41.029 Thread 0x0000016cb2161370 Uncommon trap: reason=array_check action=maybe_recompile pc=0x0000016ca45da94c method=java.util.TimSort.binarySort([Ljava/lang/Object;IIILjava/util/Comparator;)V @ 215 c2
Event: 41.029 Thread 0x0000016cb2161370 DEOPT PACKING pc=0x0000016ca45da94c sp=0x00000009d1cfd2d0
Event: 41.029 Thread 0x0000016cb2161370 DEOPT UNPACKING pc=0x0000016c9c8f5c23 sp=0x00000009d1cfd268 mode 2

Classes unloaded (0 events):
No events

Classes redefined (0 events):
No events

Internal exceptions (20 events):
Event: 29.366 Thread 0x0000016cb1e24900 Exception <a 'java/lang/NoSuchMethodError'{0x00000000c7010200}: 'int java.lang.invoke.DirectMethodHandle$Holder.invokeSpecial(java.lang.Object, java.lang.Object, int)'> (0x00000000c7010200) 
thrown [t:\workspace\open\src\hotspot\share\interpreter\linkResolver.cpp, line 766]
Event: 29.436 Thread 0x0000016cb1e24900 Implicit null exception at 0x0000016ca45b444f to 0x0000016ca45b951c
Event: 29.446 Thread 0x0000016cb1e24900 Exception <a 'java/lang/NoSuchMethodError'{0x00000000c6c4bd90}: 'java.lang.Object java.lang.invoke.DirectMethodHandle$Holder.invokeSpecial(java.lang.Object, java.lang.Object, int, int, int, int)'> (0x00000000c6c4bd90) 
thrown [t:\workspace\open\src\hotspot\share\interpreter\linkResolver.cpp, line 766]
Event: 29.466 Thread 0x0000016cb2161370 Implicit null exception at 0x0000016ca44f81d8 to 0x0000016ca44fa58c
Event: 29.482 Thread 0x0000016cb2161370 Implicit null exception at 0x0000016ca4592117 to 0x0000016ca4594270
Event: 29.498 Thread 0x0000016cb2161370 Implicit null exception at 0x0000016ca454cfad to 0x0000016ca454e25c
Event: 29.498 Thread 0x0000016cb2161370 Implicit null exception at 0x0000016ca45c338e to 0x0000016ca45c8984
Event: 29.511 Thread 0x0000016cb2161370 Implicit null exception at 0x0000016ca45661d4 to 0x0000016ca4567b58
Event: 29.514 Thread 0x0000016cb2161370 Implicit null exception at 0x0000016ca4569015 to 0x0000016ca4569a70
Event: 29.525 Thread 0x0000016cb2161370 Implicit null exception at 0x0000016ca44fe9b0 to 0x0000016ca44fe9e8
Event: 29.525 Thread 0x0000016cb2161370 Implicit null exception at 0x0000016ca456b831 to 0x0000016ca456d436
Event: 29.572 Thread 0x0000016cb2a2bcd0 Exception <a 'java/lang/NoSuchMethodError'{0x00000000c6d51e88}: 'void java.lang.invoke.DirectMethodHandle$Holder.invokeInterface(java.lang.Object, java.lang.Object)'> (0x00000000c6d51e88) 
thrown [t:\workspace\open\src\hotspot\share\interpreter\linkResolver.cpp, line 766]
Event: 30.034 Thread 0x0000016cb2161370 Implicit null exception at 0x0000016ca44aec2c to 0x0000016ca44aeca4
Event: 30.519 Thread 0x0000016cb1e24900 Exception <a 'java/lang/NoSuchMethodError'{0x00000000c7f0b740}: 'java.lang.Object java.lang.invoke.Invokers$Holder.invokeExact_MT(java.lang.Object, java.lang.Object, java.lang.Object, java.lang.Object, java.lang.Object, java.lang.Object)'> (0x00000000c7f0b740) 
thrown [t:\workspace\open\src\hotspot\share\interpreter\linkResolver.cpp, line 766]
Event: 30.575 Thread 0x0000016cb2a2d4e0 Exception <a 'sun/nio/fs/WindowsException'{0x00000000c758d5d0}> (0x00000000c758d5d0) 
thrown [t:\workspace\open\src\hotspot\share\prims\jni.cpp, line 516]
Event: 30.709 Thread 0x0000016cb1e24900 Exception <a 'java/lang/NoSuchMethodError'{0x00000000c7104cd8}: 'java.lang.Object java.lang.invoke.DirectMethodHandle$Holder.invokeSpecial(java.lang.Object, java.lang.Object, long, long, int, int, java.lang.Object, java.lang.Object, int)'> (0x00000000c7104cd8) 
thrown [t:\workspace\open\src\hotspot\share\interpreter\linkResolver.cpp, line 766]
Event: 30.709 Thread 0x0000016cb1e24900 Exception <a 'java/lang/NoSuchMethodError'{0x00000000c71089a0}: 'java.lang.Object java.lang.invoke.DelegatingMethodHandle$Holder.reinvoke_L(java.lang.Object, long, long, int, int, java.lang.Object, java.lang.Object, int)'> (0x00000000c71089a0) 
thrown [t:\workspace\open\src\hotspot\share\interpreter\linkResolver.cpp, line 766]
Event: 35.037 Thread 0x0000016c84ed6390 Exception <a 'java/lang/NoSuchMethodError'{0x00000000c77a7c60}: 'void java.lang.invoke.DirectMethodHandle$Holder.invokeSpecial(java.lang.Object, java.lang.Object, java.lang.Object, java.lang.Object, java.lang.Object, java.lang.Object, java.lang.Object)'> (0x00000000c77a7c60) 
thrown [t:\workspace\open\src\hotspot\share\interpreter\linkResolver.cpp, line 766]
Event: 35.292 Thread 0x0000016cb2161370 Implicit null exception at 0x0000016ca44780d0 to 0x0000016ca4478130
Event: 39.321 Thread 0x0000016cb2161370 Implicit null exception at 0x0000016ca4763bbd to 0x0000016ca4766618

VM Operations (20 events):
Event: 39.601 Executing VM operation: G1CollectForAllocation
Event: 39.603 Executing VM operation: G1CollectForAllocation done
Event: 39.807 Executing VM operation: G1TryInitiateConcMark
Event: 39.812 Executing VM operation: G1TryInitiateConcMark done
Event: 39.833 Executing VM operation: G1Concurrent
Event: 39.836 Executing VM operation: G1Concurrent done
Event: 39.846 Executing VM operation: G1Concurrent
Event: 39.846 Executing VM operation: G1Concurrent done
Event: 40.509 Executing VM operation: G1CollectForAllocation
Event: 40.517 Executing VM operation: G1CollectForAllocation done
Event: 40.540 Executing VM operation: G1CollectForAllocation
Event: 40.547 Executing VM operation: G1CollectForAllocation done
Event: 40.787 Executing VM operation: G1CollectForAllocation
Event: 40.795 Executing VM operation: G1CollectForAllocation done
Event: 40.820 Executing VM operation: G1Concurrent
Event: 40.827 Executing VM operation: G1Concurrent done
Event: 40.838 Executing VM operation: G1Concurrent
Event: 40.838 Executing VM operation: G1Concurrent done
Event: 41.838 Executing VM operation: Cleanup
Event: 41.839 Executing VM operation: Cleanup done

Events (20 events):
Event: 40.181 Thread 0x0000016d038f7af0 Thread added: 0x0000016d038f7af0
Event: 40.182 Thread 0x0000016d038f7af0 Thread exited: 0x0000016d038f7af0
Event: 40.663 Thread 0x0000016d01702550 Thread added: 0x0000016d01702550
Event: 40.663 Thread 0x0000016d01702550 Thread exited: 0x0000016d01702550
Event: 41.825 Thread 0x0000016c84c444f0 Thread added: 0x0000016c84c444f0
Event: 41.825 Thread 0x0000016c84c444f0 Thread exited: 0x0000016c84c444f0
Event: 41.825 Thread 0x0000016c84c48850 Thread added: 0x0000016c84c48850
Event: 41.825 Thread 0x0000016c84c48850 Thread exited: 0x0000016c84c48850
Event: 41.944 Thread 0x0000016c84c42ce0 Thread added: 0x0000016c84c42ce0
Event: 41.944 Thread 0x0000016c84c42ce0 Thread exited: 0x0000016c84c42ce0
Event: 41.945 Thread 0x0000016c84c47040 Thread added: 0x0000016c84c47040
Event: 41.945 Thread 0x0000016c84c47040 Thread exited: 0x0000016c84c47040
Event: 41.945 Thread 0x0000016c84c44e90 Thread added: 0x0000016c84c44e90
Event: 41.945 Thread 0x0000016c84c44e90 Thread exited: 0x0000016c84c44e90
Event: 41.945 Thread 0x0000016c84c48850 Thread added: 0x0000016c84c48850
Event: 41.945 Thread 0x0000016c84c48850 Thread exited: 0x0000016c84c48850
Event: 41.945 Thread 0x0000016c84c47040 Thread added: 0x0000016c84c47040
Event: 41.945 Thread 0x0000016c84c47040 Thread exited: 0x0000016c84c47040
Event: 41.945 Thread 0x0000016c84c47eb0 Thread added: 0x0000016c84c47eb0
Event: 41.945 Thread 0x0000016c84c47eb0 Thread exited: 0x0000016c84c47eb0


Dynamic libraries:
0x00007ff793b70000 - 0x00007ff793b7e000 	C:\Users\DELL\.jdks\openjdk-17.0.1\bin\java.exe
0x00007ffbe3060000 - 0x00007ffbe3267000 	C:\WINDOWS\SYSTEM32\ntdll.dll
0x00007ffbe21a0000 - 0x00007ffbe225d000 	C:\WINDOWS\System32\KERNEL32.DLL
0x00007ffbe0a60000 - 0x00007ffbe0dd4000 	C:\WINDOWS\System32\KERNELBASE.dll
0x00007ffbe0690000 - 0x00007ffbe07a1000 	C:\WINDOWS\System32\ucrtbase.dll
0x00007ffbdce70000 - 0x00007ffbdce8a000 	C:\Users\DELL\.jdks\openjdk-17.0.1\bin\VCRUNTIME140.dll
0x00007ffbdce90000 - 0x00007ffbdcea8000 	C:\Users\DELL\.jdks\openjdk-17.0.1\bin\jli.dll
0x00007ffbe2260000 - 0x00007ffbe240c000 	C:\WINDOWS\System32\USER32.dll
0x00007ffbe0660000 - 0x00007ffbe0686000 	C:\WINDOWS\System32\win32u.dll
0x00007ffbc9dc0000 - 0x00007ffbca065000 	C:\WINDOWS\WinSxS\amd64_microsoft.windows.common-controls_6595b64144ccf1df_6.0.22000.120_none_9d947278b86cc467\COMCTL32.dll
0x00007ffbe1c40000 - 0x00007ffbe1ce3000 	C:\WINDOWS\System32\msvcrt.dll
0x00007ffbe27e0000 - 0x00007ffbe2809000 	C:\WINDOWS\System32\GDI32.dll
0x00007ffbe0de0000 - 0x00007ffbe0ef2000 	C:\WINDOWS\System32\gdi32full.dll
0x00007ffbe0550000 - 0x00007ffbe05ed000 	C:\WINDOWS\System32\msvcp_win.dll
0x00007ffbe2420000 - 0x00007ffbe2451000 	C:\WINDOWS\System32\IMM32.DLL
0x00007ffbdce60000 - 0x00007ffbdce6c000 	C:\Users\DELL\.jdks\openjdk-17.0.1\bin\vcruntime140_1.dll
0x00007ffbda150000 - 0x00007ffbda1dd000 	C:\Users\DELL\.jdks\openjdk-17.0.1\bin\msvcp140.dll
0x00007ffb91ba0000 - 0x00007ffb9275e000 	C:\Users\DELL\.jdks\openjdk-17.0.1\bin\server\jvm.dll
0x00007ffbe2890000 - 0x00007ffbe293e000 	C:\WINDOWS\System32\ADVAPI32.dll
0x00007ffbe0f00000 - 0x00007ffbe0f9e000 	C:\WINDOWS\System32\sechost.dll
0x00007ffbe26c0000 - 0x00007ffbe27e0000 	C:\WINDOWS\System32\RPCRT4.dll
0x00007ffbe2ad0000 - 0x00007ffbe2ad8000 	C:\WINDOWS\System32\PSAPI.DLL
0x00007ffbda2c0000 - 0x00007ffbda2f3000 	C:\WINDOWS\SYSTEM32\WINMM.dll
0x00007ffbdd2a0000 - 0x00007ffbdd2a9000 	C:\WINDOWS\SYSTEM32\WSOCK32.dll
0x00007ffbd8740000 - 0x00007ffbd874a000 	C:\WINDOWS\SYSTEM32\VERSION.dll
0x00007ffbe2650000 - 0x00007ffbe26bf000 	C:\WINDOWS\System32\WS2_32.dll
0x00007ffbdf740000 - 0x00007ffbdf758000 	C:\WINDOWS\SYSTEM32\kernel.appcore.dll
0x00007ffbdce50000 - 0x00007ffbdce5a000 	C:\Users\DELL\.jdks\openjdk-17.0.1\bin\jimage.dll
0x00007ffbddb10000 - 0x00007ffbddd31000 	C:\WINDOWS\SYSTEM32\DBGHELP.DLL
0x00007ffbcd030000 - 0x00007ffbcd061000 	C:\WINDOWS\SYSTEM32\dbgcore.DLL
0x00007ffbe07b0000 - 0x00007ffbe082f000 	C:\WINDOWS\System32\bcryptPrimitives.dll
0x00007ffbdc9f0000 - 0x00007ffbdc9fe000 	C:\Users\DELL\.jdks\openjdk-17.0.1\bin\instrument.dll
0x00007ffbdc9c0000 - 0x00007ffbdc9e5000 	C:\Users\DELL\.jdks\openjdk-17.0.1\bin\java.dll
0x00007ffbda070000 - 0x00007ffbda146000 	C:\Users\DELL\.jdks\openjdk-17.0.1\bin\svml.dll
0x00007ffbe1490000 - 0x00007ffbe1c3e000 	C:\WINDOWS\System32\SHELL32.dll
0x00007ffbde560000 - 0x00007ffbdedc7000 	C:\WINDOWS\SYSTEM32\windows.storage.dll
0x00007ffbe2ca0000 - 0x00007ffbe3018000 	C:\WINDOWS\System32\combase.dll
0x00007ffbde3f0000 - 0x00007ffbde556000 	C:\WINDOWS\SYSTEM32\wintypes.dll
0x00007ffbe2950000 - 0x00007ffbe2a3a000 	C:\WINDOWS\System32\SHCORE.dll
0x00007ffbe2c40000 - 0x00007ffbe2c9d000 	C:\WINDOWS\System32\shlwapi.dll
0x00007ffbe0480000 - 0x00007ffbe04a1000 	C:\WINDOWS\SYSTEM32\profapi.dll
0x00007ffbdc9a0000 - 0x00007ffbdc9b9000 	C:\Users\DELL\.jdks\openjdk-17.0.1\bin\net.dll
0x00007ffbdacc0000 - 0x00007ffbdadcc000 	C:\WINDOWS\SYSTEM32\WINHTTP.dll
0x00007ffbdfb70000 - 0x00007ffbdfbd7000 	C:\WINDOWS\system32\mswsock.dll
0x00007ffbdaef0000 - 0x00007ffbdaf05000 	C:\Users\DELL\.jdks\openjdk-17.0.1\bin\nio.dll
0x00007ffbda050000 - 0x00007ffbda068000 	C:\Users\DELL\.jdks\openjdk-17.0.1\bin\zip.dll
0x00007ffbda030000 - 0x00007ffbda04a000 	C:\Program Files\JetBrains\IntelliJ IDEA Community Edition 2021.3.1\bin\breakgen64.dll
0x0000016c95060000 - 0x0000016c95063000 	E:\AOOP\javafx-sdk-17.0.1\bin\api-ms-win-core-console-l1-1-0.dll
0x0000016c95070000 - 0x0000016c95073000 	E:\AOOP\javafx-sdk-17.0.1\bin\api-ms-win-core-console-l1-2-0.dll
0x0000016cb0ae0000 - 0x0000016cb0ae3000 	E:\AOOP\javafx-sdk-17.0.1\bin\api-ms-win-core-datetime-l1-1-0.dll
0x0000016cb0af0000 - 0x0000016cb0af3000 	E:\AOOP\javafx-sdk-17.0.1\bin\api-ms-win-core-debug-l1-1-0.dll
0x0000016cb0b00000 - 0x0000016cb0b03000 	E:\AOOP\javafx-sdk-17.0.1\bin\api-ms-win-core-errorhandling-l1-1-0.dll
0x0000016cb0b10000 - 0x0000016cb0b14000 	E:\AOOP\javafx-sdk-17.0.1\bin\api-ms-win-core-file-l1-1-0.dll
0x0000016cb0b20000 - 0x0000016cb0b23000 	E:\AOOP\javafx-sdk-17.0.1\bin\api-ms-win-core-file-l1-2-0.dll
0x0000016cb0b30000 - 0x0000016cb0b33000 	E:\AOOP\javafx-sdk-17.0.1\bin\api-ms-win-core-file-l2-1-0.dll
0x0000016cb0b40000 - 0x0000016cb0b43000 	E:\AOOP\javafx-sdk-17.0.1\bin\api-ms-win-core-handle-l1-1-0.dll
0x0000016cb0b50000 - 0x0000016cb0b53000 	E:\AOOP\javafx-sdk-17.0.1\bin\api-ms-win-core-heap-l1-1-0.dll
0x0000016cb0b60000 - 0x0000016cb0b63000 	E:\AOOP\javafx-sdk-17.0.1\bin\api-ms-win-core-interlocked-l1-1-0.dll
0x0000016cb0b70000 - 0x0000016cb0b73000 	E:\AOOP\javafx-sdk-17.0.1\bin\api-ms-win-core-libraryloader-l1-1-0.dll
0x0000016cb0b80000 - 0x0000016cb0b83000 	E:\AOOP\javafx-sdk-17.0.1\bin\api-ms-win-core-localization-l1-2-0.dll
0x0000016cb0b90000 - 0x0000016cb0b93000 	E:\AOOP\javafx-sdk-17.0.1\bin\api-ms-win-core-memory-l1-1-0.dll
0x0000016cb0ba0000 - 0x0000016cb0ba3000 	E:\AOOP\javafx-sdk-17.0.1\bin\api-ms-win-core-namedpipe-l1-1-0.dll
0x0000016cb0bb0000 - 0x0000016cb0bb3000 	E:\AOOP\javafx-sdk-17.0.1\bin\api-ms-win-core-processenvironment-l1-1-0.dll
0x0000016cb0bc0000 - 0x0000016cb0bc3000 	E:\AOOP\javafx-sdk-17.0.1\bin\api-ms-win-core-processthreads-l1-1-0.dll
0x0000016cb0bd0000 - 0x0000016cb0bd3000 	E:\AOOP\javafx-sdk-17.0.1\bin\api-ms-win-core-processthreads-l1-1-1.dll
0x0000016cb0be0000 - 0x0000016cb0be3000 	E:\AOOP\javafx-sdk-17.0.1\bin\api-ms-win-core-profile-l1-1-0.dll
0x0000016cb0bf0000 - 0x0000016cb0bf3000 	E:\AOOP\javafx-sdk-17.0.1\bin\api-ms-win-core-rtlsupport-l1-1-0.dll
0x0000016cb3210000 - 0x0000016cb3213000 	E:\AOOP\javafx-sdk-17.0.1\bin\api-ms-win-core-string-l1-1-0.dll
0x0000016cb3220000 - 0x0000016cb3223000 	E:\AOOP\javafx-sdk-17.0.1\bin\api-ms-win-core-synch-l1-1-0.dll
0x0000016cb3230000 - 0x0000016cb3233000 	E:\AOOP\javafx-sdk-17.0.1\bin\api-ms-win-core-synch-l1-2-0.dll
0x0000016cb3240000 - 0x0000016cb3243000 	E:\AOOP\javafx-sdk-17.0.1\bin\api-ms-win-core-sysinfo-l1-1-0.dll
0x0000016cb3250000 - 0x0000016cb3253000 	E:\AOOP\javafx-sdk-17.0.1\bin\api-ms-win-core-timezone-l1-1-0.dll
0x0000016cb3260000 - 0x0000016cb3263000 	E:\AOOP\javafx-sdk-17.0.1\bin\api-ms-win-core-util-l1-1-0.dll
0x0000016cb3270000 - 0x0000016cb3273000 	E:\AOOP\javafx-sdk-17.0.1\bin\api-ms-win-crt-conio-l1-1-0.dll
0x0000016cb3280000 - 0x0000016cb3284000 	E:\AOOP\javafx-sdk-17.0.1\bin\api-ms-win-crt-convert-l1-1-0.dll
0x0000016cb3290000 - 0x0000016cb3293000 	E:\AOOP\javafx-sdk-17.0.1\bin\api-ms-win-crt-environment-l1-1-0.dll
0x0000016cb32a0000 - 0x0000016cb32a3000 	E:\AOOP\javafx-sdk-17.0.1\bin\api-ms-win-crt-filesystem-l1-1-0.dll
0x0000016cb2fd0000 - 0x0000016cb2fd3000 	E:\AOOP\javafx-sdk-17.0.1\bin\api-ms-win-crt-heap-l1-1-0.dll
0x0000016cb30f0000 - 0x0000016cb30f3000 	E:\AOOP\javafx-sdk-17.0.1\bin\api-ms-win-crt-locale-l1-1-0.dll
0x0000016cb3100000 - 0x0000016cb3105000 	E:\AOOP\javafx-sdk-17.0.1\bin\api-ms-win-crt-math-l1-1-0.dll
0x0000016cb3110000 - 0x0000016cb3115000 	E:\AOOP\javafx-sdk-17.0.1\bin\api-ms-win-crt-multibyte-l1-1-0.dll
0x0000016cb3120000 - 0x0000016cb3130000 	E:\AOOP\javafx-sdk-17.0.1\bin\api-ms-win-crt-private-l1-1-0.dll
0x0000016cb3130000 - 0x0000016cb3133000 	E:\AOOP\javafx-sdk-17.0.1\bin\api-ms-win-crt-process-l1-1-0.dll
0x0000016cb3140000 - 0x0000016cb3144000 	E:\AOOP\javafx-sdk-17.0.1\bin\api-ms-win-crt-runtime-l1-1-0.dll
0x0000016cb3150000 - 0x0000016cb3154000 	E:\AOOP\javafx-sdk-17.0.1\bin\api-ms-win-crt-stdio-l1-1-0.dll
0x0000016cb3160000 - 0x0000016cb3164000 	E:\AOOP\javafx-sdk-17.0.1\bin\api-ms-win-crt-string-l1-1-0.dll
0x0000016cb3170000 - 0x0000016cb3173000 	E:\AOOP\javafx-sdk-17.0.1\bin\api-ms-win-crt-time-l1-1-0.dll
0x0000016cb3180000 - 0x0000016cb3183000 	E:\AOOP\javafx-sdk-17.0.1\bin\api-ms-win-crt-utility-l1-1-0.dll
0x00007ffba6e00000 - 0x00007ffba6efc000 	E:\AOOP\javafx-sdk-17.0.1\bin\ucrtbase.dll
0x00007ffbd9ff0000 - 0x00007ffbda00a000 	E:\AOOP\javafx-sdk-17.0.1\bin\vcruntime140.dll
0x00007ffbd9fe0000 - 0x00007ffbd9fec000 	E:\AOOP\javafx-sdk-17.0.1\bin\vcruntime140_1.dll
0x00007ffbd81a0000 - 0x00007ffbd822d000 	E:\AOOP\javafx-sdk-17.0.1\bin\msvcp140.dll
0x00007ffbd9fa0000 - 0x00007ffbd9fca000 	E:\AOOP\javafx-sdk-17.0.1\bin\prism_d3d.dll
0x00007ffb804d0000 - 0x00007ffb80676000 	C:\WINDOWS\system32\d3d9.dll
0x00007ffbdee20000 - 0x00007ffbdee4f000 	C:\WINDOWS\SYSTEM32\dwmapi.dll
0x00007ffbdd900000 - 0x00007ffbdd938000 	C:\WINDOWS\SYSTEM32\dxcore.dll
0x00007ffbdd7d0000 - 0x00007ffbdd87c000 	C:\WINDOWS\system32\uxtheme.dll
0x00007ffb80360000 - 0x00007ffb804c7000 	C:\WINDOWS\System32\DriverStore\FileRepository\iigd_dch.inf_amd64_d574a2cfc0f5fa54\igdumdim64.dll
0x00007ffbe1d10000 - 0x00007ffbe1eaa000 	C:\WINDOWS\System32\ole32.dll
0x00007ffb757b0000 - 0x00007ffb793a2000 	C:\WINDOWS\System32\DriverStore\FileRepository\iigd_dch.inf_amd64_d574a2cfc0f5fa54\igd9dxva64.dll
0x00007ffbe2460000 - 0x00007ffbe2536000 	C:\WINDOWS\System32\OLEAUT32.dll
0x00007ffbe1020000 - 0x00007ffbe148b000 	C:\WINDOWS\System32\SETUPAPI.dll
0x00007ffbe0220000 - 0x00007ffbe026c000 	C:\WINDOWS\SYSTEM32\cfgmgr32.dll
0x00007ffbd4d10000 - 0x00007ffbd50d5000 	C:\WINDOWS\System32\DriverStore\FileRepository\iigd_dch.inf_amd64_d574a2cfc0f5fa54\igdgmm64.dll
0x00007ffbda3f0000 - 0x00007ffbda434000 	C:\WINDOWS\SYSTEM32\directxdatabasehelper.dll
0x00007ffbdede0000 - 0x00007ffbdee14000 	C:\WINDOWS\SYSTEM32\ntmarta.dll
0x00007ffbd9e70000 - 0x00007ffbd9eb2000 	E:\AOOP\javafx-sdk-17.0.1\bin\glass.dll
0x00007ffbe2b50000 - 0x00007ffbe2c3c000 	C:\WINDOWS\System32\COMDLG32.dll
0x00007ffbe2080000 - 0x00007ffbe219e000 	C:\WINDOWS\System32\MSCTF.dll
0x00007ffb97e10000 - 0x00007ffb97e37000 	C:\WINDOWS\System32\DriverStore\FileRepository\iigd_dch.inf_amd64_d574a2cfc0f5fa54\igdinfo64.dll
0x00007ffbd17e0000 - 0x00007ffbd4ca3000 	C:\WINDOWS\System32\DriverStore\FileRepository\iigd_dch.inf_amd64_d574a2cfc0f5fa54\igc64.dll
0x00007ffbd9f80000 - 0x00007ffbd9f94000 	E:\AOOP\javafx-sdk-17.0.1\bin\javafx_font.dll
0x00007ffbc47a0000 - 0x00007ffbc49ff000 	C:\WINDOWS\SYSTEM32\dwrite.dll
0x00007ffbe25a0000 - 0x00007ffbe264f000 	C:\WINDOWS\System32\clbcatq.dll
0x00007ffbd89b0000 - 0x00007ffbd8b5e000 	C:\WINDOWS\SYSTEM32\WindowsCodecs.dll
0x00007ffbbb310000 - 0x00007ffbbb36d000 	C:\WINDOWS\system32\dataexchange.dll
0x00007ffbd7d60000 - 0x00007ffbd7fc6000 	C:\WINDOWS\system32\twinapi.appcore.dll
0x00007ffbbfe20000 - 0x00007ffbbfe52000 	C:\Program Files\Common Files\Microsoft Shared\Ink\rtscom.dll
0x00007ffbc1760000 - 0x00007ffbc188d000 	C:\WINDOWS\SYSTEM32\textinputframework.dll
0x00007ffbdd390000 - 0x00007ffbdd4c2000 	C:\WINDOWS\SYSTEM32\CoreMessaging.dll
0x00007ffbd97f0000 - 0x00007ffbd9b5d000 	C:\WINDOWS\SYSTEM32\CoreUIComponents.dll
0x00007ffbdfdd0000 - 0x00007ffbdfddc000 	C:\WINDOWS\SYSTEM32\CRYPTBASE.DLL
0x00007ffbdb8f0000 - 0x00007ffbdbea8000 	C:\WINDOWS\SYSTEM32\d2d1.dll
0x00007ffbd92e0000 - 0x00007ffbd9560000 	C:\WINDOWS\SYSTEM32\d3d11.dll
0x00007ffbdd940000 - 0x00007ffbdda33000 	C:\WINDOWS\SYSTEM32\dxgi.dll
0x00007ffbd8bd0000 - 0x00007ffbd92d2000 	C:\WINDOWS\SYSTEM32\D3D10Warp.dll
0x00007ffb508a0000 - 0x00007ffb5475d000 	E:\AOOP\javafx-sdk-17.0.1\bin\jfxwebkit.dll
0x00007ffbdfdb0000 - 0x00007ffbdfdc8000 	C:\WINDOWS\SYSTEM32\CRYPTSP.dll

dbghelp: loaded successfully - version: 4.0.5 - missing functions: none
symbol engine: initialized successfully - sym options: 0x614 - pdb path: .;C:\Users\DELL\.jdks\openjdk-17.0.1\bin;C:\WINDOWS\SYSTEM32;C:\WINDOWS\WinSxS\amd64_microsoft.windows.common-controls_6595b64144ccf1df_6.0.22000.120_none_9d947278b86cc467;C:\Users\DELL\.jdks\openjdk-17.0.1\bin\server;C:\Program Files\JetBrains\IntelliJ IDEA Community Edition 2021.3.1\bin;E:\AOOP\javafx-sdk-17.0.1\bin;C:\WINDOWS\System32\DriverStore\FileRepository\iigd_dch.inf_amd64_d574a2cfc0f5fa54;C:\Program Files\Common Files\Microsoft Shared\Ink

VM Arguments:
jvm_args: --module-path=E:\AOOP\javafx-sdk-17.0.1\lib --add-modules=javafx.controls,javafx.fxml,javafx.web -javaagent:C:\Program Files\JetBrains\IntelliJ IDEA Community Edition 2021.3.1\lib\idea_rt.jar=52676:C:\Program Files\JetBrains\IntelliJ IDEA Community Edition 2021.3.1\bin -Dfile.encoding=UTF-8 
java_command: com.laynezcoder.Main
java_class_path (initial): E:\AOOP\UIXFX-main\UIXFX-main\05. Login - Npm inspiration\out\production\UIU_Bus_Shuttle;E:\AOOP\javafx-sdk-17.0.1\lib\javafx-swt.jar;E:\AOOP\javafx-sdk-17.0.1\lib\javafx.web.jar;E:\AOOP\javafx-sdk-17.0.1\lib\javafx.base.jar;E:\AOOP\javafx-sdk-17.0.1\lib\javafx.fxml.jar;E:\AOOP\javafx-sdk-17.0.1\lib\javafx.media.jar;E:\AOOP\javafx-sdk-17.0.1\lib\javafx.swing.jar;E:\AOOP\javafx-sdk-17.0.1\lib\javafx.controls.jar;E:\AOOP\javafx-sdk-17.0.1\lib\javafx.graphics.jar;E:\AOOP\UIXFX-main\UIXFX-main\05. Login - Npm inspiration\lib\junit_4\junit-4.12-javadoc.jar;E:\AOOP\UIXFX-main\UIXFX-main\05. Login - Npm inspiration\lib\junit_4\junit-4.12-sources.jar;E:\AOOP\UIXFX-main\UIXFX-main\05. Login - Npm inspiration\lib\junit_4\junit-4.12.jar;E:\AOOP\UIXFX-main\UIXFX-main\05. Login - Npm inspiration\lib\CopyLibs\org-netbeans-modules-java-j2seproject-copylibstask.jar;E:\AOOP\UIXFX-main\UIXFX-main\05. Login - Npm inspiration\lib\AnimateFX-1.2.1.jar
Launcher Type: SUN_STANDARD

[Global flags]
     intx CICompilerCount                          = 4                                         {product} {ergonomic}
     uint ConcGCThreads                            = 2                                         {product} {ergonomic}
     uint G1ConcRefinementThreads                  = 8                                         {product} {ergonomic}
   size_t G1HeapRegionSize                         = 1048576                                   {product} {ergonomic}
    uintx GCDrainStackTargetSize                   = 64                                        {product} {ergonomic}
   size_t InitialHeapSize                          = 62914560                                  {product} {ergonomic}
   size_t MarkStackSize                            = 4194304                                   {product} {ergonomic}
   size_t MaxHeapSize                              = 1002438656                                {product} {ergonomic}
   size_t MaxNewSize                               = 600834048                                 {product} {ergonomic}
   size_t MinHeapDeltaBytes                        = 1048576                                   {product} {ergonomic}
   size_t MinHeapSize                              = 8388608                                   {product} {ergonomic}
    uintx NonNMethodCodeHeapSize                   = 5839372                                {pd product} {ergonomic}
    uintx NonProfiledCodeHeapSize                  = 122909434                              {pd product} {ergonomic}
    uintx ProfiledCodeHeapSize                     = 122909434                              {pd product} {ergonomic}
    uintx ReservedCodeCacheSize                    = 251658240                              {pd product} {ergonomic}
     bool SegmentedCodeCache                       = true                                      {product} {ergonomic}
   size_t SoftMaxHeapSize                          = 1002438656                             {manageable} {ergonomic}
     bool UseCompressedClassPointers               = true                           {product lp64_product} {ergonomic}
     bool UseCompressedOops                        = true                           {product lp64_product} {ergonomic}
     bool UseG1GC                                  = true                                      {product} {ergonomic}
     bool UseLargePagesIndividualAllocation        = false                                  {pd product} {ergonomic}

Logging:
Log output configuration:
 #0: stdout all=warning uptime,level,tags
 #1: stderr all=off uptime,level,tags

Environment Variables:
PATH=C:\Program Files\Python39\Scripts\;C:\Program Files\Python39\;C:\Windows\system32;C:\Windows;C:\Windows\System32\Wbem;C:\Windows\System32\WindowsPowerShell\v1.0\;C:\Windows\System32\OpenSSH\;C:\Program Files (x86)\NVIDIA Corporation\PhysX\Common;C:\Program Files\NVIDIA Corporation\NVIDIA NvDLISR;%SystemRoot%\system32;%SystemRoot%;%SystemRoot%\System32\Wbem;%SYSTEMROOT%\System32\WindowsPowerShell\v1.0\;%SYSTEMROOT%\System32\OpenSSH\;C:\Users\DELL\AppData\Local\Microsoft\WindowsApps;;C:\Program Files\JetBrains\IntelliJ IDEA Community Edition 2021.3.1\bin;
USERNAME=DELL
OS=Windows_NT
PROCESSOR_IDENTIFIER=Intel64 Family 6 Model 140 Stepping 1, GenuineIntel



---------------  S Y S T E M  ---------------

OS:
 Windows 10 , 64 bit Build 22000 (10.0.22000.434)
OS uptime: 0 days 4:10 hours

CPU: total 8 (initial active 8) (4 cores per cpu, 2 threads per core) family 6 model 140 stepping 1 microcode 0x86, cx8, cmov, fxsr, ht, mmx, 3dnowpref, sse, sse2, sse3, ssse3, sse4.1, sse4.2, popcnt, lzcnt, tsc, tscinvbit, avx, avx2, aes, erms, clmul, bmi1, bmi2, adx, avx512f, avx512dq, avx512cd, avx512bw, avx512vl, sha, fma, vzeroupper, avx512_vpopcntdq, avx512_vpclmulqdq, avx512_vaes, avx512_vnni, clflush, clflushopt, clwb, avx512_vbmi2, avx512_vbmi

Memory: 4k page, system-wide physical 3818M (179M free)
TotalPageFile size 15594M (AvailPageFile size 275M)
current process WorkingSet (physical memory assigned to process): 678M, peak: 694M
current process commit charge ("private bytes"): 879M, peak: 921M

vm_info: OpenJDK 64-Bit Server VM (17.0.1+12-39) for windows-amd64 JRE (17.0.1+12-39), built on Sep 27 2021 18:39:29 by "mach5one" with MS VC++ 16.8 (VS2019)

END.
