#
# There is insufficient memory for the Java Runtime Environment to continue.
# Native memory allocation (malloc) failed to allocate 568176 bytes for Chunk::new
# Possible reasons:
#   The system is out of physical RAM or swap space
#   The process is running with CompressedOops enabled, and the Java Heap may be blocking the growth of the native heap
# Possible solutions:
#   Reduce memory load on the system
#   Increase physical memory or swap space
#   Check if swap backing store is full
#   Decrease Java heap size (-Xmx/-Xms)
#   Decrease number of Java threads
#   Decrease Java thread stack sizes (-Xss)
#   Set larger code cache with -XX:ReservedCodeCacheSize=
#   JVM is running with Unscaled Compressed Oops mode in which the Java heap is
#     placed in the first 4GB address space. The Java Heap base address is the
#     maximum limit for the native heap growth. Please use -XX:HeapBaseMinAddress
#     to set the Java Heap base and to place the Java Heap above 4GB virtual address.
# This output file may be truncated or incomplete.
#
#  Out of Memory Error (arena.cpp:189), pid=4644, tid=13228
#
# JRE version: OpenJDK Runtime Environment (17.0.1+12) (build 17.0.1+12-39)
# Java VM: OpenJDK 64-Bit Server VM (17.0.1+12-39, mixed mode, sharing, tiered, compressed oops, compressed class ptrs, g1 gc, windows-amd64)
# No core dump will be written. Minidumps are not enabled by default on client versions of Windows
#

---------------  S U M M A R Y ------------

Command Line: --module-path=E:\AOOP\javafx-sdk-17.0.1\lib --add-modules=javafx.controls,javafx.fxml,javafx.web -javaagent:C:\Program Files\JetBrains\IntelliJ IDEA Community Edition 2021.3.1\lib\idea_rt.jar=52653:C:\Program Files\JetBrains\IntelliJ IDEA Community Edition 2021.3.1\bin -Dfile.encoding=UTF-8 com.laynezcoder.Main

Host: 11th Gen Intel(R) Core(TM) i5-1135G7 @ 2.40GHz, 8 cores, 3G,  Windows 10 , 64 bit Build 22000 (10.0.22000.434)
Time: Mon Jan 17 14:35:40 2022 Bangladesh Standard Time elapsed time: 149.576476 seconds (0d 0h 2m 29s)

---------------  T H R E A D  ---------------

Current thread (0x0000018ead02ab90):  JavaThread "C2 CompilerThread0" daemon [_thread_in_native, id=13228, stack(0x00000085aeb00000,0x00000085aec00000)]


Current CompileTask:
C2: 149576 9103       4       com.sun.prism.impl.ps.BaseShaderGraphics::renderGeneralRoundedPgram (1199 bytes)

Stack: [0x00000085aeb00000,0x00000085aec00000]
Native frames: (J=compiled Java code, j=interpreted, Vv=VM code, C=native code)
V  [jvm.dll+0x66fa1a]
V  [jvm.dll+0x7ce5a4]
V  [jvm.dll+0x7cfd4e]
V  [jvm.dll+0x7d03b3]
V  [jvm.dll+0x242b05]
V  [jvm.dll+0xaa05b]
V  [jvm.dll+0xaa5ec]
V  [jvm.dll+0x35f9b2]
V  [jvm.dll+0x1b9732]
V  [jvm.dll+0x215d49]
V  [jvm.dll+0x215011]
V  [jvm.dll+0x1a168d]
V  [jvm.dll+0x224848]
V  [jvm.dll+0x2229ac]
V  [jvm.dll+0x78435b]
V  [jvm.dll+0x77e91a]
V  [jvm.dll+0x66e845]
C  [ucrtbase.dll+0x26c0c]
C  [KERNEL32.DLL+0x154e0]
C  [ntdll.dll+0x485b]


---------------  P R O C E S S  ---------------

Threads class SMR info:
_java_thread_list=0x0000018f03ddd320, length=32, elements={
0x0000018e917dfce0, 0x0000018ead00f290, 0x0000018ead00fe40, 0x0000018ead0212e0,
0x0000018ead025cc0, 0x0000018ead026580, 0x0000018ead0275e0, 0x0000018ead02ab90,
0x0000018ead037d50, 0x0000018ead044140, 0x0000018e918bd210, 0x0000018eadf7b380,
0x0000018eae705b70, 0x0000018eae51be10, 0x0000018eae987330, 0x0000018eae988420,
0x0000018eae944d10, 0x0000018eae8d54f0, 0x0000018eaeb50e10, 0x0000018eaf02d310,
0x0000018eaf02b160, 0x0000018eaf02c970, 0x0000018eaf02b630, 0x0000018eaf02bfd0,
0x0000018eaf02c4a0, 0x0000018eaf02dcb0, 0x0000018eaf02e650, 0x0000018eaf02e180,
0x0000018eaf02ac90, 0x0000018eaf78ee30, 0x0000018eaf78cc80, 0x0000018efba57780
}

Java Threads: ( => current thread )
  0x0000018e917dfce0 JavaThread "main" [_thread_blocked, id=9312, stack(0x00000085ade00000,0x00000085adf00000)]
  0x0000018ead00f290 JavaThread "Reference Handler" daemon [_thread_blocked, id=15984, stack(0x00000085ae500000,0x00000085ae600000)]
  0x0000018ead00fe40 JavaThread "Finalizer" daemon [_thread_blocked, id=1436, stack(0x00000085ae600000,0x00000085ae700000)]
  0x0000018ead0212e0 JavaThread "Signal Dispatcher" daemon [_thread_blocked, id=8336, stack(0x00000085ae700000,0x00000085ae800000)]
  0x0000018ead025cc0 JavaThread "Attach Listener" daemon [_thread_blocked, id=5276, stack(0x00000085ae800000,0x00000085ae900000)]
  0x0000018ead026580 JavaThread "Service Thread" daemon [_thread_blocked, id=14896, stack(0x00000085ae900000,0x00000085aea00000)]
  0x0000018ead0275e0 JavaThread "Monitor Deflation Thread" daemon [_thread_blocked, id=6748, stack(0x00000085aea00000,0x00000085aeb00000)]
=>0x0000018ead02ab90 JavaThread "C2 CompilerThread0" daemon [_thread_in_native, id=13228, stack(0x00000085aeb00000,0x00000085aec00000)]
  0x0000018ead037d50 JavaThread "C1 CompilerThread0" daemon [_thread_blocked, id=9536, stack(0x00000085aec00000,0x00000085aed00000)]
  0x0000018ead044140 JavaThread "Sweeper thread" daemon [_thread_blocked, id=12796, stack(0x00000085aed00000,0x00000085aee00000)]
  0x0000018e918bd210 JavaThread "Common-Cleaner" daemon [_thread_blocked, id=15488, stack(0x00000085aee00000,0x00000085aef00000)]
  0x0000018eadf7b380 JavaThread "Monitor Ctrl-Break" daemon [_thread_in_native, id=15804, stack(0x00000085af000000,0x00000085af100000)]
  0x0000018eae705b70 JavaThread "Notification Thread" daemon [_thread_blocked, id=6592, stack(0x00000085af100000,0x00000085af200000)]
  0x0000018eae51be10 JavaThread "QuantumRenderer-0" daemon [_thread_blocked, id=5480, stack(0x00000085af300000,0x00000085af400000)]
  0x0000018eae987330 JavaThread "InvokeLaterDispatcher" daemon [_thread_blocked, id=7056, stack(0x00000085af400000,0x00000085af500000)]
  0x0000018eae988420 JavaThread "JavaFX Application Thread" [_thread_in_native, id=5000, stack(0x00000085af500000,0x00000085af600000)]
  0x0000018eae944d10 JavaThread "JavaFX-Launcher" [_thread_blocked, id=11160, stack(0x00000085af900000,0x00000085afa00000)]
  0x0000018eae8d54f0 JavaThread "Thread-2" daemon [_thread_in_native, id=11688, stack(0x00000085aef00000,0x00000085af000000)]
  0x0000018eaeb50e10 JavaThread "Prism Font Disposer" daemon [_thread_blocked, id=1044, stack(0x00000085aff00000,0x00000085b0000000)]
  0x0000018eaf02d310 JavaThread "Cleaner-0" daemon [_thread_blocked, id=1720, stack(0x00000085b0900000,0x00000085b0a00000)]
  0x0000018eaf02b160 JavaThread "Disposer" daemon [_thread_blocked, id=8404, stack(0x00000085b0d00000,0x00000085b0e00000)]
  0x0000018eaf02c970 JavaThread "HttpClient-1-SelectorManager" daemon [_thread_in_native, id=9044, stack(0x00000085b0f00000,0x00000085b1000000)]
  0x0000018eaf02b630 JavaThread "ForkJoinPool.commonPool-worker-1" daemon [_thread_blocked, id=15856, stack(0x00000085b1b00000,0x00000085b1c00000)]
  0x0000018eaf02bfd0 JavaThread "ForkJoinPool.commonPool-worker-2" daemon [_thread_blocked, id=16336, stack(0x00000085b1c00000,0x00000085b1d00000)]
  0x0000018eaf02c4a0 JavaThread "ForkJoinPool.commonPool-worker-3" daemon [_thread_blocked, id=5696, stack(0x00000085b1d00000,0x00000085b1e00000)]
  0x0000018eaf02dcb0 JavaThread "Thread-4" daemon [_thread_in_native, id=16208, stack(0x00000085b1e00000,0x00000085b1f00000)]
  0x0000018eaf02e650 JavaThread "HttpClient-1-Worker-2" daemon [_thread_blocked, id=11004, stack(0x00000085b1f00000,0x00000085b2000000)]
  0x0000018eaf02e180 JavaThread "ForkJoinPool.commonPool-worker-4" daemon [_thread_blocked, id=11984, stack(0x00000085b2000000,0x00000085b2100000)]
  0x0000018eaf02ac90 JavaThread "ForkJoinPool.commonPool-worker-5" daemon [_thread_blocked, id=2612, stack(0x00000085b2100000,0x00000085b2200000)]
  0x0000018eaf78ee30 JavaThread "ForkJoinPool.commonPool-worker-6" daemon [_thread_blocked, id=8032, stack(0x00000085b2200000,0x00000085b2300000)]
  0x0000018eaf78cc80 JavaThread "ForkJoinPool.commonPool-worker-7" daemon [_thread_blocked, id=12592, stack(0x00000085b2300000,0x00000085b2400000)]
  0x0000018efba57780 JavaThread "HttpClient-1-Worker-5" daemon [_thread_blocked, id=12080, stack(0x00000085b2900000,0x00000085b2a00000)]

Other Threads:
  0x0000018ead009050 VMThread "VM Thread" [stack: 0x00000085ae400000,0x00000085ae500000] [id=10724]
  0x0000018e917e0b50 WatcherThread [stack: 0x00000085af200000,0x00000085af300000] [id=9520]
  0x0000018e9180dde0 GCTaskThread "GC Thread#0" [stack: 0x00000085adf00000,0x00000085ae000000] [id=1276]
  0x0000018eaebd2b50 GCTaskThread "GC Thread#1" [stack: 0x00000085afa00000,0x00000085afb00000] [id=8992]
  0x0000018eaec541c0 GCTaskThread "GC Thread#2" [stack: 0x00000085afb00000,0x00000085afc00000] [id=16088]
  0x0000018eaec54470 GCTaskThread "GC Thread#3" [stack: 0x00000085afc00000,0x00000085afd00000] [id=4520]
  0x0000018eaec54720 GCTaskThread "GC Thread#4" [stack: 0x00000085afd00000,0x00000085afe00000] [id=14716]
  0x0000018eaea830a0 GCTaskThread "GC Thread#5" [stack: 0x00000085afe00000,0x00000085aff00000] [id=8484]
  0x0000018eaf13c6a0 GCTaskThread "GC Thread#6" [stack: 0x00000085b0300000,0x00000085b0400000] [id=5036]
  0x0000018eaf13c950 GCTaskThread "GC Thread#7" [stack: 0x00000085b0400000,0x00000085b0500000] [id=10696]
  0x0000018e918164a0 ConcurrentGCThread "G1 Main Marker" [stack: 0x00000085ae000000,0x00000085ae100000] [id=16308]
  0x0000018e91817ec0 ConcurrentGCThread "G1 Conc#0" [stack: 0x00000085ae100000,0x00000085ae200000] [id=1376]
  0x0000018eadd3c300 ConcurrentGCThread "G1 Conc#1" [stack: 0x00000085b0e00000,0x00000085b0f00000] [id=10932]
  0x0000018e918668c0 ConcurrentGCThread "G1 Refine#0" [stack: 0x00000085ae200000,0x00000085ae300000] [id=4468]
  0x0000018e918672e0 ConcurrentGCThread "G1 Service" [stack: 0x00000085ae300000,0x00000085ae400000] [id=15124]

Threads with active compile tasks:
C2 CompilerThread0   149731 9103       4       com.sun.prism.impl.ps.BaseShaderGraphics::renderGeneralRoundedPgram (1199 bytes)

VM state: not at safepoint (normal execution)

VM Mutex/Monitor currently owned by a thread: None

Heap address: 0x00000000c4400000, size: 956 MB, Compressed Oops mode: 32-bit

CDS archive(s) mapped at: [0x0000000800000000-0x0000000800bc0000-0x0000000800bc0000), size 12320768, SharedBaseAddress: 0x0000000800000000, ArchiveRelocationMode: 0.
Compressed class space mapped at: 0x0000000800c00000-0x0000000840c00000, reserved size: 1073741824
Narrow klass base: 0x0000000800000000, Narrow klass shift: 0, Narrow klass range: 0x100000000

GC Precious Log:
 CPUs: 8 total, 8 available
 Memory: 3818M
 Large Page Support: Disabled
 NUMA Support: Disabled
 Compressed Oops: Enabled (32-bit)
 Heap Region Size: 1M
 Heap Min Capacity: 8M
 Heap Initial Capacity: 60M
 Heap Max Capacity: 956M
 Pre-touch: Disabled
 Parallel Workers: 8
 Concurrent Workers: 2
 Concurrent Refinement Workers: 8
 Periodic GC: Disabled

Heap:
 garbage-first heap   total 147456K, used 98589K [0x00000000c4400000, 0x0000000100000000)
  region size 1024K, 27 young (27648K), 3 survivors (3072K)
 Metaspace       used 31089K, committed 31488K, reserved 1081344K
  class space    used 3998K, committed 4224K, reserved 1048576K

Heap Regions: E=young(eden), S=young(survivor), O=old, HS=humongous(starts), HC=humongous(continues), CS=collection set, F=free, OA=open archive, CA=closed archive, TAMS=top-at-mark-start (previous, next)
|   0|0x00000000c4400000, 0x00000000c4500000, 0x00000000c4500000|100%| O|  |TAMS 0x00000000c4500000, 0x00000000c4400000| Untracked 
|   1|0x00000000c4500000, 0x00000000c4600000, 0x00000000c4600000|100%|HS|  |TAMS 0x00000000c4600000, 0x00000000c4500000| Complete 
|   2|0x00000000c4600000, 0x00000000c4700000, 0x00000000c4700000|100%| O|  |TAMS 0x00000000c4700000, 0x00000000c4600000| Untracked 
|   3|0x00000000c4700000, 0x00000000c4800000, 0x00000000c4800000|100%|HS|  |TAMS 0x00000000c4800000, 0x00000000c4700000| Complete 
|   4|0x00000000c4800000, 0x00000000c4900000, 0x00000000c4900000|100%|HC|  |TAMS 0x00000000c4900000, 0x00000000c4800000| Complete 
|   5|0x00000000c4900000, 0x00000000c4a00000, 0x00000000c4a00000|100%| O|  |TAMS 0x00000000c4a00000, 0x00000000c4900000| Untracked 
|   6|0x00000000c4a00000, 0x00000000c4b00000, 0x00000000c4b00000|100%|HS|  |TAMS 0x00000000c4b00000, 0x00000000c4a00000| Complete 
|   7|0x00000000c4b00000, 0x00000000c4c00000, 0x00000000c4c00000|100%|HC|  |TAMS 0x00000000c4c00000, 0x00000000c4b00000| Complete 
|   8|0x00000000c4c00000, 0x00000000c4d00000, 0x00000000c4d00000|100%| O|  |TAMS 0x00000000c4d00000, 0x00000000c4c00000| Untracked 
|   9|0x00000000c4d00000, 0x00000000c4e00000, 0x00000000c4e00000|100%| O|  |TAMS 0x00000000c4e00000, 0x00000000c4d00000| Untracked 
|  10|0x00000000c4e00000, 0x00000000c4f00000, 0x00000000c4f00000|100%| O|  |TAMS 0x00000000c4f00000, 0x00000000c4e00000| Untracked 
|  11|0x00000000c4f00000, 0x00000000c5000000, 0x00000000c5000000|100%| O|  |TAMS 0x00000000c5000000, 0x00000000c4f00000| Untracked 
|  12|0x00000000c5000000, 0x00000000c5100000, 0x00000000c5100000|100%| O|  |TAMS 0x00000000c5100000, 0x00000000c5000000| Untracked 
|  13|0x00000000c5100000, 0x00000000c5200000, 0x00000000c5200000|100%| O|  |TAMS 0x00000000c5200000, 0x00000000c5100000| Untracked 
|  14|0x00000000c5200000, 0x00000000c5300000, 0x00000000c5300000|100%|HS|  |TAMS 0x00000000c5300000, 0x00000000c5200000| Complete 
|  15|0x00000000c5300000, 0x00000000c5400000, 0x00000000c5400000|100%|HC|  |TAMS 0x00000000c5400000, 0x00000000c5300000| Complete 
|  16|0x00000000c5400000, 0x00000000c5500000, 0x00000000c5500000|100%|HC|  |TAMS 0x00000000c5500000, 0x00000000c5400000| Complete 
|  17|0x00000000c5500000, 0x00000000c5600000, 0x00000000c5600000|100%| O|  |TAMS 0x00000000c5600000, 0x00000000c5500000| Untracked 
|  18|0x00000000c5600000, 0x00000000c5600000, 0x00000000c5700000|  0%| F|  |TAMS 0x00000000c5600000, 0x00000000c5600000| Untracked 
|  19|0x00000000c5700000, 0x00000000c5800000, 0x00000000c5800000|100%| O|  |TAMS 0x00000000c5800000, 0x00000000c5700000| Untracked 
|  20|0x00000000c5800000, 0x00000000c5900000, 0x00000000c5900000|100%| O|  |TAMS 0x00000000c5900000, 0x00000000c5800000| Untracked 
|  21|0x00000000c5900000, 0x00000000c5a00000, 0x00000000c5a00000|100%| O|  |TAMS 0x00000000c5a00000, 0x00000000c5900000| Untracked 
|  22|0x00000000c5a00000, 0x00000000c5b00000, 0x00000000c5b00000|100%| O|  |TAMS 0x00000000c5b00000, 0x00000000c5a00000| Untracked 
|  23|0x00000000c5b00000, 0x00000000c5c00000, 0x00000000c5c00000|100%| O|  |TAMS 0x00000000c5c00000, 0x00000000c5b00000| Complete 
|  24|0x00000000c5c00000, 0x00000000c5d00000, 0x00000000c5d00000|100%| O|  |TAMS 0x00000000c5d00000, 0x00000000c5c00000| Untracked 
|  25|0x00000000c5d00000, 0x00000000c5e00000, 0x00000000c5e00000|100%| O|  |TAMS 0x00000000c5e00000, 0x00000000c5d00000| Untracked 
|  26|0x00000000c5e00000, 0x00000000c5f00000, 0x00000000c5f00000|100%| O|  |TAMS 0x00000000c5f00000, 0x00000000c5e00000| Untracked 
|  27|0x00000000c5f00000, 0x00000000c6000000, 0x00000000c6000000|100%| O|  |TAMS 0x00000000c6000000, 0x00000000c5f00000| Untracked 
|  28|0x00000000c6000000, 0x00000000c6100000, 0x00000000c6100000|100%|HS|  |TAMS 0x00000000c6100000, 0x00000000c6000000| Complete 
|  29|0x00000000c6100000, 0x00000000c6200000, 0x00000000c6200000|100%| O|  |TAMS 0x00000000c6200000, 0x00000000c6100000| Untracked 
|  30|0x00000000c6200000, 0x00000000c6300000, 0x00000000c6300000|100%| O|  |TAMS 0x00000000c6300000, 0x00000000c6200000| Untracked 
|  31|0x00000000c6300000, 0x00000000c6400000, 0x00000000c6400000|100%| O|  |TAMS 0x00000000c6400000, 0x00000000c6300000| Untracked 
|  32|0x00000000c6400000, 0x00000000c6500000, 0x00000000c6500000|100%|HS|  |TAMS 0x00000000c6500000, 0x00000000c6400000| Complete 
|  33|0x00000000c6500000, 0x00000000c6600000, 0x00000000c6600000|100%|HS|  |TAMS 0x00000000c6600000, 0x00000000c6500000| Complete 
|  34|0x00000000c6600000, 0x00000000c6700000, 0x00000000c6700000|100%|HC|  |TAMS 0x00000000c6700000, 0x00000000c6600000| Complete 
|  35|0x00000000c6700000, 0x00000000c6800000, 0x00000000c6800000|100%|HS|  |TAMS 0x00000000c6800000, 0x00000000c6700000| Complete 
|  36|0x00000000c6800000, 0x00000000c6900000, 0x00000000c6900000|100%|HC|  |TAMS 0x00000000c6900000, 0x00000000c6800000| Complete 
|  37|0x00000000c6900000, 0x00000000c6a00000, 0x00000000c6a00000|100%| O|  |TAMS 0x00000000c6a00000, 0x00000000c6900000| Untracked 
|  38|0x00000000c6a00000, 0x00000000c6b00000, 0x00000000c6b00000|100%|HS|  |TAMS 0x00000000c6b00000, 0x00000000c6a00000| Complete 
|  39|0x00000000c6b00000, 0x00000000c6c00000, 0x00000000c6c00000|100%|HS|  |TAMS 0x00000000c6c00000, 0x00000000c6b00000| Complete 
|  40|0x00000000c6c00000, 0x00000000c6d00000, 0x00000000c6d00000|100%| O|  |TAMS 0x00000000c6d00000, 0x00000000c6c00000| Untracked 
|  41|0x00000000c6d00000, 0x00000000c6e00000, 0x00000000c6e00000|100%|HS|  |TAMS 0x00000000c6e00000, 0x00000000c6d00000| Complete 
|  42|0x00000000c6e00000, 0x00000000c6f00000, 0x00000000c6f00000|100%|HS|  |TAMS 0x00000000c6f00000, 0x00000000c6e00000| Complete 
|  43|0x00000000c6f00000, 0x00000000c7000000, 0x00000000c7000000|100%|HS|  |TAMS 0x00000000c7000000, 0x00000000c6f00000| Complete 
|  44|0x00000000c7000000, 0x00000000c7100000, 0x00000000c7100000|100%|HS|  |TAMS 0x00000000c7100000, 0x00000000c7000000| Complete 
|  45|0x00000000c7100000, 0x00000000c7200000, 0x00000000c7200000|100%|HS|  |TAMS 0x00000000c7200000, 0x00000000c7100000| Complete 
|  46|0x00000000c7200000, 0x00000000c7300000, 0x00000000c7300000|100%| O|  |TAMS 0x00000000c7300000, 0x00000000c7200000| Untracked 
|  47|0x00000000c7300000, 0x00000000c7400000, 0x00000000c7400000|100%|HS|  |TAMS 0x00000000c7400000, 0x00000000c7300000| Complete 
|  48|0x00000000c7400000, 0x00000000c7500000, 0x00000000c7500000|100%|HS|  |TAMS 0x00000000c7500000, 0x00000000c7400000| Complete 
|  49|0x00000000c7500000, 0x00000000c7600000, 0x00000000c7600000|100%|HS|  |TAMS 0x00000000c7600000, 0x00000000c7500000| Complete 
|  50|0x00000000c7600000, 0x00000000c7700000, 0x00000000c7700000|100%| O|  |TAMS 0x00000000c7700000, 0x00000000c7600000| Untracked 
|  51|0x00000000c7700000, 0x00000000c7800000, 0x00000000c7800000|100%| O|  |TAMS 0x00000000c7800000, 0x00000000c7700000| Untracked 
|  52|0x00000000c7800000, 0x00000000c7900000, 0x00000000c7900000|100%|HS|  |TAMS 0x00000000c7900000, 0x00000000c7800000| Complete 
|  53|0x00000000c7900000, 0x00000000c7a00000, 0x00000000c7a00000|100%|HS|  |TAMS 0x00000000c7a00000, 0x00000000c7900000| Complete 
|  54|0x00000000c7a00000, 0x00000000c7b00000, 0x00000000c7b00000|100%|HS|  |TAMS 0x00000000c7b00000, 0x00000000c7a00000| Complete 
|  55|0x00000000c7b00000, 0x00000000c7c00000, 0x00000000c7c00000|100%|HS|  |TAMS 0x00000000c7c00000, 0x00000000c7b00000| Complete 
|  56|0x00000000c7c00000, 0x00000000c7d00000, 0x00000000c7d00000|100%|HS|  |TAMS 0x00000000c7d00000, 0x00000000c7c00000| Complete 
|  57|0x00000000c7d00000, 0x00000000c7e00000, 0x00000000c7e00000|100%| O|  |TAMS 0x00000000c7e00000, 0x00000000c7d00000| Untracked 
|  58|0x00000000c7e00000, 0x00000000c7f00000, 0x00000000c7f00000|100%|HS|  |TAMS 0x00000000c7f00000, 0x00000000c7e00000| Complete 
|  59|0x00000000c7f00000, 0x00000000c8000000, 0x00000000c8000000|100%| O|  |TAMS 0x00000000c8000000, 0x00000000c7f00000| Untracked 
|  60|0x00000000c8000000, 0x00000000c8100000, 0x00000000c8100000|100%|HS|  |TAMS 0x00000000c8100000, 0x00000000c8000000| Complete 
|  61|0x00000000c8100000, 0x00000000c8200000, 0x00000000c8200000|100%|HS|  |TAMS 0x00000000c8200000, 0x00000000c8100000| Complete 
|  62|0x00000000c8200000, 0x00000000c8300000, 0x00000000c8300000|100%|HC|  |TAMS 0x00000000c8300000, 0x00000000c8200000| Complete 
|  63|0x00000000c8300000, 0x00000000c8400000, 0x00000000c8400000|100%| O|  |TAMS 0x00000000c8400000, 0x00000000c8300000| Untracked 
|  64|0x00000000c8400000, 0x00000000c8500000, 0x00000000c8500000|100%|HS|  |TAMS 0x00000000c8500000, 0x00000000c8400000| Complete 
|  65|0x00000000c8500000, 0x00000000c8600000, 0x00000000c8600000|100%|HS|  |TAMS 0x00000000c8600000, 0x00000000c8500000| Complete 
|  66|0x00000000c8600000, 0x00000000c8700000, 0x00000000c8700000|100%| O|  |TAMS 0x00000000c8700000, 0x00000000c8600000| Untracked 
|  67|0x00000000c8700000, 0x00000000c8800000, 0x00000000c8800000|100%|HS|  |TAMS 0x00000000c8800000, 0x00000000c8700000| Complete 
|  68|0x00000000c8800000, 0x00000000c8900000, 0x00000000c8900000|100%|HS|  |TAMS 0x00000000c8900000, 0x00000000c8800000| Complete 
|  69|0x00000000c8900000, 0x00000000c895ac00, 0x00000000c8a00000| 35%| O|  |TAMS 0x00000000c895ac00, 0x00000000c8900000| Untracked 
|  70|0x00000000c8a00000, 0x00000000c8b00000, 0x00000000c8b00000|100%|HS|  |TAMS 0x00000000c8b00000, 0x00000000c8a00000| Complete 
|  71|0x00000000c8b00000, 0x00000000c8c00000, 0x00000000c8c00000|100%|HS|  |TAMS 0x00000000c8c00000, 0x00000000c8b00000| Complete 
|  72|0x00000000c8c00000, 0x00000000c8c00000, 0x00000000c8d00000|  0%| F|  |TAMS 0x00000000c8c00000, 0x00000000c8c00000| Untracked 
|  73|0x00000000c8d00000, 0x00000000c8d00000, 0x00000000c8e00000|  0%| F|  |TAMS 0x00000000c8d00000, 0x00000000c8d00000| Untracked 
|  74|0x00000000c8e00000, 0x00000000c8e00000, 0x00000000c8f00000|  0%| F|  |TAMS 0x00000000c8e00000, 0x00000000c8e00000| Untracked 
|  75|0x00000000c8f00000, 0x00000000c8f00000, 0x00000000c9000000|  0%| F|  |TAMS 0x00000000c8f00000, 0x00000000c8f00000| Untracked 
|  76|0x00000000c9000000, 0x00000000c9000000, 0x00000000c9100000|  0%| F|  |TAMS 0x00000000c9000000, 0x00000000c9000000| Untracked 
|  77|0x00000000c9100000, 0x00000000c9100000, 0x00000000c9200000|  0%| F|  |TAMS 0x00000000c9100000, 0x00000000c9100000| Untracked 
|  78|0x00000000c9200000, 0x00000000c9200000, 0x00000000c9300000|  0%| F|  |TAMS 0x00000000c9200000, 0x00000000c9200000| Untracked 
|  79|0x00000000c9300000, 0x00000000c9300000, 0x00000000c9400000|  0%| F|  |TAMS 0x00000000c9300000, 0x00000000c9300000| Untracked 
|  80|0x00000000c9400000, 0x00000000c9400000, 0x00000000c9500000|  0%| F|  |TAMS 0x00000000c9400000, 0x00000000c9400000| Untracked 
|  81|0x00000000c9500000, 0x00000000c9500000, 0x00000000c9600000|  0%| F|  |TAMS 0x00000000c9500000, 0x00000000c9500000| Untracked 
|  82|0x00000000c9600000, 0x00000000c9600000, 0x00000000c9700000|  0%| F|  |TAMS 0x00000000c9600000, 0x00000000c9600000| Untracked 
|  83|0x00000000c9700000, 0x00000000c9700000, 0x00000000c9800000|  0%| F|  |TAMS 0x00000000c9700000, 0x00000000c9700000| Untracked 
|  84|0x00000000c9800000, 0x00000000c9800000, 0x00000000c9900000|  0%| F|  |TAMS 0x00000000c9800000, 0x00000000c9800000| Untracked 
|  85|0x00000000c9900000, 0x00000000c9900000, 0x00000000c9a00000|  0%| F|  |TAMS 0x00000000c9900000, 0x00000000c9900000| Untracked 
|  86|0x00000000c9a00000, 0x00000000c9a00000, 0x00000000c9b00000|  0%| F|  |TAMS 0x00000000c9a00000, 0x00000000c9a00000| Untracked 
|  87|0x00000000c9b00000, 0x00000000c9b00000, 0x00000000c9c00000|  0%| F|  |TAMS 0x00000000c9b00000, 0x00000000c9b00000| Untracked 
|  88|0x00000000c9c00000, 0x00000000c9c00000, 0x00000000c9d00000|  0%| F|  |TAMS 0x00000000c9c00000, 0x00000000c9c00000| Untracked 
|  89|0x00000000c9d00000, 0x00000000c9d00000, 0x00000000c9e00000|  0%| F|  |TAMS 0x00000000c9d00000, 0x00000000c9d00000| Untracked 
|  90|0x00000000c9e00000, 0x00000000c9e00000, 0x00000000c9f00000|  0%| F|  |TAMS 0x00000000c9e00000, 0x00000000c9e00000| Untracked 
|  91|0x00000000c9f00000, 0x00000000c9fec900, 0x00000000ca000000| 92%| S|CS|TAMS 0x00000000c9f00000, 0x00000000c9f00000| Complete 
|  92|0x00000000ca000000, 0x00000000ca100000, 0x00000000ca100000|100%| S|CS|TAMS 0x00000000ca000000, 0x00000000ca000000| Complete 
|  93|0x00000000ca100000, 0x00000000ca200000, 0x00000000ca200000|100%| S|CS|TAMS 0x00000000ca100000, 0x00000000ca100000| Complete 
|  94|0x00000000ca200000, 0x00000000ca200000, 0x00000000ca300000|  0%| F|  |TAMS 0x00000000ca200000, 0x00000000ca200000| Untracked 
|  95|0x00000000ca300000, 0x00000000ca300000, 0x00000000ca400000|  0%| F|  |TAMS 0x00000000ca300000, 0x00000000ca300000| Untracked 
|  96|0x00000000ca400000, 0x00000000ca400000, 0x00000000ca500000|  0%| F|  |TAMS 0x00000000ca400000, 0x00000000ca400000| Untracked 
|  97|0x00000000ca500000, 0x00000000ca500000, 0x00000000ca600000|  0%| F|  |TAMS 0x00000000ca500000, 0x00000000ca500000| Untracked 
|  98|0x00000000ca600000, 0x00000000ca600000, 0x00000000ca700000|  0%| F|  |TAMS 0x00000000ca600000, 0x00000000ca600000| Untracked 
|  99|0x00000000ca700000, 0x00000000ca700000, 0x00000000ca800000|  0%| F|  |TAMS 0x00000000ca700000, 0x00000000ca700000| Untracked 
| 100|0x00000000ca800000, 0x00000000ca800000, 0x00000000ca900000|  0%| F|  |TAMS 0x00000000ca800000, 0x00000000ca800000| Untracked 
| 101|0x00000000ca900000, 0x00000000ca900000, 0x00000000caa00000|  0%| F|  |TAMS 0x00000000ca900000, 0x00000000ca900000| Untracked 
| 102|0x00000000caa00000, 0x00000000caa00000, 0x00000000cab00000|  0%| F|  |TAMS 0x00000000caa00000, 0x00000000caa00000| Untracked 
| 103|0x00000000cab00000, 0x00000000cab00000, 0x00000000cac00000|  0%| F|  |TAMS 0x00000000cab00000, 0x00000000cab00000| Untracked 
| 104|0x00000000cac00000, 0x00000000cac00000, 0x00000000cad00000|  0%| F|  |TAMS 0x00000000cac00000, 0x00000000cac00000| Untracked 
| 105|0x00000000cad00000, 0x00000000cad00000, 0x00000000cae00000|  0%| F|  |TAMS 0x00000000cad00000, 0x00000000cad00000| Untracked 
| 106|0x00000000cae00000, 0x00000000cae00000, 0x00000000caf00000|  0%| F|  |TAMS 0x00000000cae00000, 0x00000000cae00000| Untracked 
| 107|0x00000000caf00000, 0x00000000caf00000, 0x00000000cb000000|  0%| F|  |TAMS 0x00000000caf00000, 0x00000000caf00000| Untracked 
| 108|0x00000000cb000000, 0x00000000cb000000, 0x00000000cb100000|  0%| F|  |TAMS 0x00000000cb000000, 0x00000000cb000000| Untracked 
| 109|0x00000000cb100000, 0x00000000cb100000, 0x00000000cb200000|  0%| F|  |TAMS 0x00000000cb100000, 0x00000000cb100000| Untracked 
| 110|0x00000000cb200000, 0x00000000cb200000, 0x00000000cb300000|  0%| F|  |TAMS 0x00000000cb200000, 0x00000000cb200000| Untracked 
| 111|0x00000000cb300000, 0x00000000cb300000, 0x00000000cb400000|  0%| F|  |TAMS 0x00000000cb300000, 0x00000000cb300000| Untracked 
| 112|0x00000000cb400000, 0x00000000cb400000, 0x00000000cb500000|  0%| F|  |TAMS 0x00000000cb400000, 0x00000000cb400000| Untracked 
| 113|0x00000000cb500000, 0x00000000cb500000, 0x00000000cb600000|  0%| F|  |TAMS 0x00000000cb500000, 0x00000000cb500000| Untracked 
| 114|0x00000000cb600000, 0x00000000cb600000, 0x00000000cb700000|  0%| F|  |TAMS 0x00000000cb600000, 0x00000000cb600000| Untracked 
| 115|0x00000000cb700000, 0x00000000cb700000, 0x00000000cb800000|  0%| F|  |TAMS 0x00000000cb700000, 0x00000000cb700000| Untracked 
| 116|0x00000000cb800000, 0x00000000cb800000, 0x00000000cb900000|  0%| F|  |TAMS 0x00000000cb800000, 0x00000000cb800000| Untracked 
| 117|0x00000000cb900000, 0x00000000cb900000, 0x00000000cba00000|  0%| F|  |TAMS 0x00000000cb900000, 0x00000000cb900000| Untracked 
| 118|0x00000000cba00000, 0x00000000cba00000, 0x00000000cbb00000|  0%| F|  |TAMS 0x00000000cba00000, 0x00000000cba00000| Untracked 
| 119|0x00000000cbb00000, 0x00000000cbb00000, 0x00000000cbc00000|  0%| F|  |TAMS 0x00000000cbb00000, 0x00000000cbb00000| Untracked 
| 120|0x00000000cbc00000, 0x00000000cbc0b7a0, 0x00000000cbd00000|  4%| E|  |TAMS 0x00000000cbc00000, 0x00000000cbc00000| Complete 
| 121|0x00000000cbd00000, 0x00000000cbe00000, 0x00000000cbe00000|100%| E|CS|TAMS 0x00000000cbd00000, 0x00000000cbd00000| Complete 
| 122|0x00000000cbe00000, 0x00000000cbf00000, 0x00000000cbf00000|100%| E|CS|TAMS 0x00000000cbe00000, 0x00000000cbe00000| Complete 
| 123|0x00000000cbf00000, 0x00000000cc000000, 0x00000000cc000000|100%| E|CS|TAMS 0x00000000cbf00000, 0x00000000cbf00000| Complete 
| 124|0x00000000cc000000, 0x00000000cc100000, 0x00000000cc100000|100%| E|CS|TAMS 0x00000000cc000000, 0x00000000cc000000| Complete 
| 125|0x00000000cc100000, 0x00000000cc200000, 0x00000000cc200000|100%| E|CS|TAMS 0x00000000cc100000, 0x00000000cc100000| Complete 
| 126|0x00000000cc200000, 0x00000000cc300000, 0x00000000cc300000|100%| E|CS|TAMS 0x00000000cc200000, 0x00000000cc200000| Complete 
| 127|0x00000000cc300000, 0x00000000cc400000, 0x00000000cc400000|100%| E|CS|TAMS 0x00000000cc300000, 0x00000000cc300000| Complete 
| 128|0x00000000cc400000, 0x00000000cc500000, 0x00000000cc500000|100%| E|CS|TAMS 0x00000000cc400000, 0x00000000cc400000| Complete 
| 129|0x00000000cc500000, 0x00000000cc600000, 0x00000000cc600000|100%| E|CS|TAMS 0x00000000cc500000, 0x00000000cc500000| Complete 
| 130|0x00000000cc600000, 0x00000000cc700000, 0x00000000cc700000|100%| E|CS|TAMS 0x00000000cc600000, 0x00000000cc600000| Complete 
| 131|0x00000000cc700000, 0x00000000cc800000, 0x00000000cc800000|100%| E|CS|TAMS 0x00000000cc700000, 0x00000000cc700000| Complete 
| 132|0x00000000cc800000, 0x00000000cc900000, 0x00000000cc900000|100%| E|CS|TAMS 0x00000000cc800000, 0x00000000cc800000| Complete 
| 133|0x00000000cc900000, 0x00000000cca00000, 0x00000000cca00000|100%| E|CS|TAMS 0x00000000cc900000, 0x00000000cc900000| Complete 
| 134|0x00000000cca00000, 0x00000000ccb00000, 0x00000000ccb00000|100%| E|CS|TAMS 0x00000000cca00000, 0x00000000cca00000| Complete 
| 135|0x00000000ccb00000, 0x00000000ccc00000, 0x00000000ccc00000|100%| E|CS|TAMS 0x00000000ccb00000, 0x00000000ccb00000| Complete 
| 136|0x00000000ccc00000, 0x00000000ccd00000, 0x00000000ccd00000|100%| E|CS|TAMS 0x00000000ccc00000, 0x00000000ccc00000| Complete 
| 137|0x00000000ccd00000, 0x00000000cce00000, 0x00000000cce00000|100%| E|CS|TAMS 0x00000000ccd00000, 0x00000000ccd00000| Complete 
| 138|0x00000000cce00000, 0x00000000ccf00000, 0x00000000ccf00000|100%| E|CS|TAMS 0x00000000cce00000, 0x00000000cce00000| Complete 
| 139|0x00000000ccf00000, 0x00000000cd000000, 0x00000000cd000000|100%| E|CS|TAMS 0x00000000ccf00000, 0x00000000ccf00000| Complete 
| 140|0x00000000cd000000, 0x00000000cd100000, 0x00000000cd100000|100%| E|CS|TAMS 0x00000000cd000000, 0x00000000cd000000| Complete 
| 141|0x00000000cd100000, 0x00000000cd200000, 0x00000000cd200000|100%| E|CS|TAMS 0x00000000cd100000, 0x00000000cd100000| Complete 
| 142|0x00000000cd200000, 0x00000000cd300000, 0x00000000cd300000|100%| E|CS|TAMS 0x00000000cd200000, 0x00000000cd200000| Complete 
| 143|0x00000000cd300000, 0x00000000cd400000, 0x00000000cd400000|100%| E|CS|TAMS 0x00000000cd300000, 0x00000000cd300000| Complete 

Card table byte_map: [0x0000018ea84f0000,0x0000018ea86d0000] _byte_map_base: 0x0000018ea7ece000

Marking Bits (Prev, Next): (CMBitMap*) 0x0000018e9180e3f0, (CMBitMap*) 0x0000018e9180e430
 Prev Bits: [0x0000018ea88b0000, 0x0000018ea97a0000)
 Next Bits: [0x0000018ea97a0000, 0x0000018eaa690000)

Polling page: 0x0000018e90fc0000

Metaspace:

Usage:
  Non-class:     26.46 MB used.
      Class:      3.90 MB used.
       Both:     30.36 MB used.

Virtual space:
  Non-class space:       32.00 MB reserved,      26.62 MB ( 83%) committed,  4 nodes.
      Class space:        1.00 GB reserved,       4.12 MB ( <1%) committed,  1 nodes.
             Both:        1.03 GB reserved,      30.75 MB (  3%) committed. 

Chunk freelists:
   Non-Class:  1.22 MB
       Class:  3.91 MB
        Both:  5.12 MB

MaxMetaspaceSize: unlimited
CompressedClassSpaceSize: 1.00 GB
Initial GC threshold: 21.00 MB
Current GC threshold: 51.19 MB
CDS: on
MetaspaceReclaimPolicy: balanced
 - commit_granule_bytes: 65536.
 - commit_granule_words: 8192.
 - virtual_space_node_default_size: 1048576.
 - enlarge_chunks_in_place: 1.
 - new_chunks_are_fully_committed: 0.
 - uncommit_free_chunks: 1.
 - use_allocation_guard: 0.
 - handle_deallocations: 1.


Internal statistics:

num_allocs_failed_limit: 3.
num_arena_births: 502.
num_arena_deaths: 0.
num_vsnodes_births: 5.
num_vsnodes_deaths: 0.
num_space_committed: 492.
num_space_uncommitted: 0.
num_chunks_returned_to_freelist: 3.
num_chunks_taken_from_freelist: 1502.
num_chunk_merges: 3.
num_chunk_splits: 951.
num_chunks_enlarged: 643.
num_purges: 0.
num_inconsistent_stats: 0.

CodeHeap 'non-profiled nmethods': size=120000Kb used=5762Kb max_used=5762Kb free=114237Kb
 bounds [0x0000018ea0ab0000, 0x0000018ea1060000, 0x0000018ea7fe0000]
CodeHeap 'profiled nmethods': size=120000Kb used=15439Kb max_used=15439Kb free=104560Kb
 bounds [0x0000018e99580000, 0x0000018e9a4a0000, 0x0000018ea0ab0000]
CodeHeap 'non-nmethods': size=5760Kb used=1564Kb max_used=1613Kb free=4195Kb
 bounds [0x0000018e98fe0000, 0x0000018e99250000, 0x0000018e99580000]
 total_blobs=8460 nmethods=7523 adapters=848
 compilation: enabled
              stopped_count=0, restarted_count=0
 full_count=0

Compilation events (20 events):
Event: 144.892 Thread 0x0000018ead02ab90 nmethod 9093 0x0000018ea1040210 code [0x0000018ea1040780, 0x0000018ea1047b10]
Event: 144.892 Thread 0x0000018ead02ab90 9094       4       java.util.Collection::stream (11 bytes)
Event: 144.895 Thread 0x0000018ead02ab90 nmethod 9094 0x0000018ea104be10 code [0x0000018ea104bfc0, 0x0000018ea104c308]
Event: 147.615 Thread 0x0000018ead02ab90 9095       4       com.sun.javafx.geom.PickRay::<init> (39 bytes)
Event: 147.617 Thread 0x0000018ead02ab90 nmethod 9095 0x0000018ea104c510 code [0x0000018ea104c6c0, 0x0000018ea104ca18]
Event: 148.344 Thread 0x0000018ead037d50 9096       3       com.sun.javafx.scene.control.inputmap.InputMap::getInterceptor (11 bytes)
Event: 148.345 Thread 0x0000018ead037d50 nmethod 9096 0x0000018e9a492d10 code [0x0000018e9a492ec0, 0x0000018e9a4932e8]
Event: 148.363 Thread 0x0000018ead02ab90 9097       4       com.sun.prism.impl.BaseGraphics::validateTransformAndPaint (71 bytes)
Event: 148.366 Thread 0x0000018ead02ab90 nmethod 9097 0x0000018ea104cb10 code [0x0000018ea104cd80, 0x0000018ea104d388]
Event: 148.484 Thread 0x0000018ead02ab90 9098       4       javafx.css.Size::pixels (14 bytes)
Event: 148.485 Thread 0x0000018ead02ab90 nmethod 9098 0x0000018ea104d710 code [0x0000018ea104d880, 0x0000018ea104d938]
Event: 148.577 Thread 0x0000018ead02ab90 9099       4       com.sun.marlin.MergeSort::mergeSortNoCopy (183 bytes)
Event: 148.578 Thread 0x0000018ead037d50 9100       3       javafx.scene.Node::requestCssStateTransition (40 bytes)
Event: 148.579 Thread 0x0000018ead037d50 nmethod 9100 0x0000018e9a493410 code [0x0000018e9a493600, 0x0000018e9a493c18]
Event: 148.580 Thread 0x0000018ead02ab90 nmethod 9099 0x0000018ea104da10 code [0x0000018ea104dbc0, 0x0000018ea104e0e8]
Event: 148.582 Thread 0x0000018ead02ab90 9101       4       com.sun.javafx.geom.Path2D::appendOvalQuadrant (567 bytes)
Event: 148.600 Thread 0x0000018ead02ab90 nmethod 9101 0x0000018ea104e590 code [0x0000018ea104e7e0, 0x0000018ea104ff50]
Event: 148.782 Thread 0x0000018ead037d50 9102       3       java.util.Vector::<init> (7 bytes)
Event: 148.783 Thread 0x0000018ead037d50 nmethod 9102 0x0000018e9a493d90 code [0x0000018e9a493f40, 0x0000018e9a4940e8]
Event: 149.447 Thread 0x0000018ead02ab90 9103       4       com.sun.prism.impl.ps.BaseShaderGraphics::renderGeneralRoundedPgram (1199 bytes)

GC Heap History (20 events):
Event: 116.194 GC heap before
{Heap before GC invocations=63 (full 0):
 garbage-first heap   total 83968K, used 51340K [0x00000000c4400000, 0x0000000100000000)
  region size 1024K, 2 young (2048K), 1 survivors (1024K)
 Metaspace       used 31057K, committed 31488K, reserved 1081344K
  class space    used 3998K, committed 4224K, reserved 1048576K
}
Event: 116.196 GC heap after
{Heap after GC invocations=64 (full 0):
 garbage-first heap   total 83968K, used 51687K [0x00000000c4400000, 0x0000000100000000)
  region size 1024K, 1 young (1024K), 1 survivors (1024K)
 Metaspace       used 31057K, committed 31488K, reserved 1081344K
  class space    used 3998K, committed 4224K, reserved 1048576K
}
Event: 116.488 GC heap before
{Heap before GC invocations=65 (full 0):
 garbage-first heap   total 91136K, used 83431K [0x00000000c4400000, 0x0000000100000000)
  region size 1024K, 13 young (13312K), 1 survivors (1024K)
 Metaspace       used 31062K, committed 31488K, reserved 1081344K
  class space    used 3998K, committed 4224K, reserved 1048576K
}
Event: 116.489 GC heap after
{Heap after GC invocations=66 (full 0):
 garbage-first heap   total 91136K, used 62670K [0x00000000c4400000, 0x0000000100000000)
  region size 1024K, 2 young (2048K), 2 survivors (2048K)
 Metaspace       used 31062K, committed 31488K, reserved 1081344K
  class space    used 3998K, committed 4224K, reserved 1048576K
}
Event: 116.532 GC heap before
{Heap before GC invocations=66 (full 0):
 garbage-first heap   total 91136K, used 68814K [0x00000000c4400000, 0x0000000100000000)
  region size 1024K, 4 young (4096K), 2 survivors (2048K)
 Metaspace       used 31062K, committed 31488K, reserved 1081344K
  class space    used 3998K, committed 4224K, reserved 1048576K
}
Event: 116.534 GC heap after
{Heap after GC invocations=67 (full 0):
 garbage-first heap   total 91136K, used 65101K [0x00000000c4400000, 0x0000000100000000)
  region size 1024K, 1 young (1024K), 1 survivors (1024K)
 Metaspace       used 31062K, committed 31488K, reserved 1081344K
  class space    used 3998K, committed 4224K, reserved 1048576K
}
Event: 116.613 GC heap before
{Heap before GC invocations=67 (full 0):
 garbage-first heap   total 91136K, used 65101K [0x00000000c4400000, 0x0000000100000000)
  region size 1024K, 3 young (3072K), 1 survivors (1024K)
 Metaspace       used 31063K, committed 31488K, reserved 1081344K
  class space    used 3998K, committed 4224K, reserved 1048576K
}
Event: 116.614 GC heap after
{Heap after GC invocations=68 (full 0):
 garbage-first heap   total 91136K, used 65765K [0x00000000c4400000, 0x0000000100000000)
  region size 1024K, 1 young (1024K), 1 survivors (1024K)
 Metaspace       used 31063K, committed 31488K, reserved 1081344K
  class space    used 3998K, committed 4224K, reserved 1048576K
}
Event: 116.784 GC heap before
{Heap before GC invocations=69 (full 0):
 garbage-first heap   total 114688K, used 80101K [0x00000000c4400000, 0x0000000100000000)
  region size 1024K, 8 young (8192K), 1 survivors (1024K)
 Metaspace       used 31074K, committed 31488K, reserved 1081344K
  class space    used 3998K, committed 4224K, reserved 1048576K
}
Event: 116.786 GC heap after
{Heap after GC invocations=70 (full 0):
 garbage-first heap   total 114688K, used 70536K [0x00000000c4400000, 0x0000000100000000)
  region size 1024K, 1 young (1024K), 1 survivors (1024K)
 Metaspace       used 31074K, committed 31488K, reserved 1081344K
  class space    used 3998K, committed 4224K, reserved 1048576K
}
Event: 136.708 GC heap before
{Heap before GC invocations=70 (full 0):
 garbage-first heap   total 114688K, used 74632K [0x00000000c4400000, 0x0000000100000000)
  region size 1024K, 5 young (5120K), 1 survivors (1024K)
 Metaspace       used 31075K, committed 31488K, reserved 1081344K
  class space    used 3998K, committed 4224K, reserved 1048576K
}
Event: 136.714 GC heap after
{Heap after GC invocations=71 (full 0):
 garbage-first heap   total 114688K, used 70808K [0x00000000c4400000, 0x0000000100000000)
  region size 1024K, 1 young (1024K), 1 survivors (1024K)
 Metaspace       used 31075K, committed 31488K, reserved 1081344K
  class space    used 3998K, committed 4224K, reserved 1048576K
}
Event: 148.588 GC heap before
{Heap before GC invocations=71 (full 0):
 garbage-first heap   total 114688K, used 89240K [0x00000000c4400000, 0x0000000100000000)
  region size 1024K, 19 young (19456K), 1 survivors (1024K)
 Metaspace       used 31087K, committed 31488K, reserved 1081344K
  class space    used 3998K, committed 4224K, reserved 1048576K
}
Event: 148.590 GC heap after
{Heap after GC invocations=72 (full 0):
 garbage-first heap   total 114688K, used 71361K [0x00000000c4400000, 0x0000000100000000)
  region size 1024K, 2 young (2048K), 2 survivors (2048K)
 Metaspace       used 31087K, committed 31488K, reserved 1081344K
  class space    used 3998K, committed 4224K, reserved 1048576K
}
Event: 148.885 GC heap before
{Heap before GC invocations=73 (full 0):
 garbage-first heap   total 122880K, used 89793K [0x00000000c4400000, 0x0000000100000000)
  region size 1024K, 20 young (20480K), 2 survivors (2048K)
 Metaspace       used 31087K, committed 31488K, reserved 1081344K
  class space    used 3998K, committed 4224K, reserved 1048576K
}
Event: 148.887 GC heap after
{Heap after GC invocations=74 (full 0):
 garbage-first heap   total 122880K, used 72276K [0x00000000c4400000, 0x0000000100000000)
  region size 1024K, 2 young (2048K), 2 survivors (2048K)
 Metaspace       used 31087K, committed 31488K, reserved 1081344K
  class space    used 3998K, committed 4224K, reserved 1048576K
}
Event: 148.961 GC heap before
{Heap before GC invocations=74 (full 0):
 garbage-first heap   total 122880K, used 76372K [0x00000000c4400000, 0x0000000100000000)
  region size 1024K, 6 young (6144K), 2 survivors (2048K)
 Metaspace       used 31087K, committed 31488K, reserved 1081344K
  class space    used 3998K, committed 4224K, reserved 1048576K
}
Event: 148.965 GC heap after
{Heap after GC invocations=75 (full 0):
 garbage-first heap   total 122880K, used 72703K [0x00000000c4400000, 0x0000000100000000)
  region size 1024K, 1 young (1024K), 1 survivors (1024K)
 Metaspace       used 31087K, committed 31488K, reserved 1081344K
  class space    used 3998K, committed 4224K, reserved 1048576K
}
Event: 149.325 GC heap before
{Heap before GC invocations=75 (full 0):
 garbage-first heap   total 122880K, used 98303K [0x00000000c4400000, 0x0000000100000000)
  region size 1024K, 26 young (26624K), 1 survivors (1024K)
 Metaspace       used 31087K, committed 31488K, reserved 1081344K
  class space    used 3998K, committed 4224K, reserved 1048576K
}
Event: 149.328 GC heap after
{Heap after GC invocations=76 (full 0):
 garbage-first heap   total 147456K, used 75037K [0x00000000c4400000, 0x0000000100000000)
  region size 1024K, 3 young (3072K), 3 survivors (3072K)
 Metaspace       used 31087K, committed 31488K, reserved 1081344K
  class space    used 3998K, committed 4224K, reserved 1048576K
}

Deoptimization events (20 events):
Event: 144.455 Thread 0x0000018eaf02e650 DEOPT PACKING pc=0x0000018e9997c98e sp=0x00000085b1ffe140
Event: 144.455 Thread 0x0000018eaf02e650 DEOPT UNPACKING pc=0x0000018e99036763 sp=0x00000085b1ffd610 mode 0
Event: 147.588 Thread 0x0000018eae988420 Uncommon trap: trap_request=0xffffffbe fr.pc=0x0000018ea1033de0 relative=0x0000000000005a60
Event: 147.588 Thread 0x0000018eae988420 Uncommon trap: reason=profile_predicate action=maybe_recompile pc=0x0000018ea1033de0 method=javafx.scene.CssStyleHelper.transitionToState(Ljavafx/scene/Node;)V @ 291 c2
Event: 147.588 Thread 0x0000018eae988420 DEOPT PACKING pc=0x0000018ea1033de0 sp=0x00000085af5fe300
Event: 147.588 Thread 0x0000018eae988420 DEOPT UNPACKING pc=0x0000018e99035c23 sp=0x00000085af5fe278 mode 2
Event: 147.588 Thread 0x0000018eae988420 Uncommon trap: trap_request=0xffffffbe fr.pc=0x0000018ea1033de0 relative=0x0000000000005a60
Event: 147.588 Thread 0x0000018eae988420 Uncommon trap: reason=profile_predicate action=maybe_recompile pc=0x0000018ea1033de0 method=javafx.scene.CssStyleHelper.transitionToState(Ljavafx/scene/Node;)V @ 291 c2
Event: 147.588 Thread 0x0000018eae988420 DEOPT PACKING pc=0x0000018ea1033de0 sp=0x00000085af5fe210
Event: 147.588 Thread 0x0000018eae988420 DEOPT UNPACKING pc=0x0000018e99035c23 sp=0x00000085af5fe188 mode 2
Event: 147.588 Thread 0x0000018eae988420 Uncommon trap: trap_request=0xffffffbe fr.pc=0x0000018ea1033de0 relative=0x0000000000005a60
Event: 147.588 Thread 0x0000018eae988420 Uncommon trap: reason=profile_predicate action=maybe_recompile pc=0x0000018ea1033de0 method=javafx.scene.CssStyleHelper.transitionToState(Ljavafx/scene/Node;)V @ 291 c2
Event: 147.588 Thread 0x0000018eae988420 DEOPT PACKING pc=0x0000018ea1033de0 sp=0x00000085af5fe120
Event: 147.588 Thread 0x0000018eae988420 DEOPT UNPACKING pc=0x0000018e99035c23 sp=0x00000085af5fe098 mode 2
Event: 147.588 Thread 0x0000018eae988420 Uncommon trap: trap_request=0xffffffbe fr.pc=0x0000018ea1033de0 relative=0x0000000000005a60
Event: 147.588 Thread 0x0000018eae988420 Uncommon trap: reason=profile_predicate action=maybe_recompile pc=0x0000018ea1033de0 method=javafx.scene.CssStyleHelper.transitionToState(Ljavafx/scene/Node;)V @ 291 c2
Event: 147.588 Thread 0x0000018eae988420 DEOPT PACKING pc=0x0000018ea1033de0 sp=0x00000085af5fe2c0
Event: 147.588 Thread 0x0000018eae988420 DEOPT UNPACKING pc=0x0000018e99035c23 sp=0x00000085af5fe238 mode 2
Event: 148.577 Thread 0x0000018eae51be10 DEOPT PACKING pc=0x0000018e9a0a2047 sp=0x00000085af3fe160
Event: 148.577 Thread 0x0000018eae51be10 DEOPT UNPACKING pc=0x0000018e99036763 sp=0x00000085af3fd610 mode 0

Classes unloaded (0 events):
No events

Classes redefined (0 events):
No events

Internal exceptions (20 events):
Event: 17.528 Thread 0x0000018eaf02d7e0 Exception <a 'java/lang/NoSuchMethodError'{0x00000000c78534d8}: 'int java.lang.invoke.DirectMethodHandle$Holder.invokeStaticInit(java.lang.Object, int, int)'> (0x00000000c78534d8) 
thrown [t:\workspace\open\src\hotspot\share\interpreter\linkResolver.cpp, line 766]
Event: 17.535 Thread 0x0000018eaf02d7e0 Exception <a 'java/lang/NoSuchMethodError'{0x00000000c7468868}: 'void java.lang.invoke.DirectMethodHandle$Holder.invokeVirtual(java.lang.Object, java.lang.Object)'> (0x00000000c7468868) 
thrown [t:\workspace\open\src\hotspot\share\interpreter\linkResolver.cpp, line 766]
Event: 17.557 Thread 0x0000018eae988420 Exception <a 'java/lang/NoSuchMethodError'{0x00000000c725df90}: 'int java.lang.invoke.DirectMethodHandle$Holder.invokeSpecial(java.lang.Object, java.lang.Object, int)'> (0x00000000c725df90) 
thrown [t:\workspace\open\src\hotspot\share\interpreter\linkResolver.cpp, line 766]
Event: 17.653 Thread 0x0000018eae988420 Exception <a 'java/lang/NoSuchMethodError'{0x00000000c6bbd058}: 'java.lang.Object java.lang.invoke.DirectMethodHandle$Holder.invokeSpecial(java.lang.Object, java.lang.Object, int, int, int, int)'> (0x00000000c6bbd058) 
thrown [t:\workspace\open\src\hotspot\share\interpreter\linkResolver.cpp, line 766]
Event: 17.672 Thread 0x0000018eae51be10 Implicit null exception at 0x0000018ea0c37e58 to 0x0000018ea0c3a1a4
Event: 17.699 Thread 0x0000018eaf02d7e0 Exception <a 'java/lang/NoSuchMethodError'{0x00000000c6c6dbc0}: 'void java.lang.invoke.DirectMethodHandle$Holder.invokeInterface(java.lang.Object, java.lang.Object)'> (0x00000000c6c6dbc0) 
thrown [t:\workspace\open\src\hotspot\share\interpreter\linkResolver.cpp, line 766]
Event: 17.733 Thread 0x0000018eae51be10 Implicit null exception at 0x0000018ea0c51630 to 0x0000018ea0c51668
Event: 19.004 Thread 0x0000018eae988420 Exception <a 'java/lang/NoSuchMethodError'{0x00000000c799cf50}: 'java.lang.Object java.lang.invoke.Invokers$Holder.invokeExact_MT(java.lang.Object, java.lang.Object, java.lang.Object, java.lang.Object, java.lang.Object, java.lang.Object)'> (0x00000000c799cf50) 
thrown [t:\workspace\open\src\hotspot\share\interpreter\linkResolver.cpp, line 766]
Event: 19.030 Thread 0x0000018eaf02dcb0 Exception <a 'sun/nio/fs/WindowsException'{0x00000000c77009a0}> (0x00000000c77009a0) 
thrown [t:\workspace\open\src\hotspot\share\prims\jni.cpp, line 516]
Event: 19.167 Thread 0x0000018eae988420 Exception <a 'java/lang/NoSuchMethodError'{0x00000000c700fc88}: 'java.lang.Object java.lang.invoke.DirectMethodHandle$Holder.invokeSpecial(java.lang.Object, java.lang.Object, long, long, int, int, java.lang.Object, java.lang.Object, int)'> (0x00000000c700fc88) 
thrown [t:\workspace\open\src\hotspot\share\interpreter\linkResolver.cpp, line 766]
Event: 19.167 Thread 0x0000018eae988420 Exception <a 'java/lang/NoSuchMethodError'{0x00000000c7013950}: 'java.lang.Object java.lang.invoke.DelegatingMethodHandle$Holder.reinvoke_L(java.lang.Object, long, long, int, int, java.lang.Object, java.lang.Object, int)'> (0x00000000c7013950) 
thrown [t:\workspace\open\src\hotspot\share\interpreter\linkResolver.cpp, line 766]
Event: 26.183 Thread 0x0000018efba55aa0 Exception <a 'java/lang/NoSuchMethodError'{0x00000000c8be3650}: 'void java.lang.invoke.DirectMethodHandle$Holder.invokeSpecial(java.lang.Object, java.lang.Object, java.lang.Object, java.lang.Object, java.lang.Object, java.lang.Object, java.lang.Object)'> (0x00000000c8be3650) 
thrown [t:\workspace\open\src\hotspot\share\interpreter\linkResolver.cpp, line 766]
Event: 27.729 Thread 0x0000018eae51be10 Implicit null exception at 0x0000018ea0dd8df4 to 0x0000018ea0ddabec
Event: 28.938 Thread 0x0000018eae51be10 Implicit null exception at 0x0000018ea0bedc50 to 0x0000018ea0bedcb0
Event: 66.263 Thread 0x0000018eae51be10 Implicit null exception at 0x0000018ea0d7b7a9 to 0x0000018ea0d7b960
Event: 66.263 Thread 0x0000018eae51be10 Implicit null exception at 0x0000018ea0beaf2c to 0x0000018ea0beafa4
Event: 66.263 Thread 0x0000018eae51be10 Implicit null exception at 0x0000018ea0dcfcdb to 0x0000018ea0dcfd4c
Event: 73.717 Thread 0x0000018eae51be10 Implicit null exception at 0x0000018ea0bf2454 to 0x0000018ea0bf24c0
Event: 78.498 Thread 0x0000018eae51be10 Implicit null exception at 0x0000018ea0c1aa16 to 0x0000018ea0c1ad34
Event: 79.198 Thread 0x0000018eaf02e650 Implicit null exception at 0x0000018ea0e2fd09 to 0x0000018ea0e30afd

VM Operations (20 events):
Event: 144.717 Executing VM operation: Cleanup
Event: 144.718 Executing VM operation: Cleanup done
Event: 147.719 Executing VM operation: Cleanup
Event: 147.720 Executing VM operation: Cleanup done
Event: 148.588 Executing VM operation: G1CollectForAllocation
Event: 148.590 Executing VM operation: G1CollectForAllocation done
Event: 148.611 Executing VM operation: G1Concurrent
Event: 148.615 Executing VM operation: G1Concurrent done
Event: 148.622 Executing VM operation: G1Concurrent
Event: 148.623 Executing VM operation: G1Concurrent done
Event: 148.885 Executing VM operation: G1CollectForAllocation
Event: 148.887 Executing VM operation: G1CollectForAllocation done
Event: 148.960 Executing VM operation: G1CollectForAllocation
Event: 148.965 Executing VM operation: G1CollectForAllocation done
Event: 149.325 Executing VM operation: G1CollectForAllocation
Event: 149.328 Executing VM operation: G1CollectForAllocation done
Event: 149.341 Executing VM operation: G1Concurrent
Event: 149.344 Executing VM operation: G1Concurrent done
Event: 149.349 Executing VM operation: G1Concurrent
Event: 149.350 Executing VM operation: G1Concurrent done

Events (20 events):
Event: 116.780 Thread 0x0000018f0cd61eb0 Thread exited: 0x0000018f0cd61eb0
Event: 116.781 Thread 0x0000018efea4b940 Thread added: 0x0000018efea4b940
Event: 116.781 Thread 0x0000018f0cd5ee90 Thread added: 0x0000018f0cd5ee90
Event: 116.781 Thread 0x0000018f0cd5ee90 Thread exited: 0x0000018f0cd5ee90
Event: 116.783 Thread 0x0000018e8dcffae0 Thread added: 0x0000018e8dcffae0
Event: 116.783 Thread 0x0000018f0cd61040 Thread added: 0x0000018f0cd61040
Event: 116.783 Thread 0x0000018f0cd61040 Thread exited: 0x0000018f0cd61040
Event: 116.788 Thread 0x0000018f04359a40 Thread added: 0x0000018f04359a40
Event: 116.788 Thread 0x0000018f0cd5ee90 Thread added: 0x0000018f0cd5ee90
Event: 116.789 Thread 0x0000018f0cd5ee90 Thread exited: 0x0000018f0cd5ee90
Event: 116.789 Thread 0x0000018efea4afa0 Thread exited: 0x0000018efea4afa0
Event: 116.789 Thread 0x0000018efea4b940 Thread exited: 0x0000018efea4b940
Event: 116.789 Thread 0x0000018e8dcffae0 Thread exited: 0x0000018e8dcffae0
Event: 116.843 Thread 0x0000018f04359a40 Thread exited: 0x0000018f04359a40
Event: 124.552 Thread 0x0000018efe6b88c0 Thread added: 0x0000018efe6b88c0
Event: 124.552 Thread 0x0000018efe6b88c0 Thread exited: 0x0000018efe6b88c0
Event: 134.565 Thread 0x0000018efe6b7f20 Thread added: 0x0000018efe6b7f20
Event: 134.565 Thread 0x0000018efe6b7f20 Thread exited: 0x0000018efe6b7f20
Event: 144.559 Thread 0x0000018e8dcfde00 Thread added: 0x0000018e8dcfde00
Event: 144.559 Thread 0x0000018e8dcfde00 Thread exited: 0x0000018e8dcfde00


Dynamic libraries:
0x00007ff793b70000 - 0x00007ff793b7e000 	C:\Users\DELL\.jdks\openjdk-17.0.1\bin\java.exe
0x00007ffbe3060000 - 0x00007ffbe3267000 	C:\WINDOWS\SYSTEM32\ntdll.dll
0x00007ffbe21a0000 - 0x00007ffbe225d000 	C:\WINDOWS\System32\KERNEL32.DLL
0x00007ffbe0a60000 - 0x00007ffbe0dd4000 	C:\WINDOWS\System32\KERNELBASE.dll
0x00007ffbe0690000 - 0x00007ffbe07a1000 	C:\WINDOWS\System32\ucrtbase.dll
0x00007ffbdce70000 - 0x00007ffbdce88000 	C:\Users\DELL\.jdks\openjdk-17.0.1\bin\jli.dll
0x00007ffbdce90000 - 0x00007ffbdceaa000 	C:\Users\DELL\.jdks\openjdk-17.0.1\bin\VCRUNTIME140.dll
0x00007ffbe2260000 - 0x00007ffbe240c000 	C:\WINDOWS\System32\USER32.dll
0x00007ffbe0660000 - 0x00007ffbe0686000 	C:\WINDOWS\System32\win32u.dll
0x00007ffbe27e0000 - 0x00007ffbe2809000 	C:\WINDOWS\System32\GDI32.dll
0x00007ffbe0de0000 - 0x00007ffbe0ef2000 	C:\WINDOWS\System32\gdi32full.dll
0x00007ffbe0550000 - 0x00007ffbe05ed000 	C:\WINDOWS\System32\msvcp_win.dll
0x00007ffbc9dc0000 - 0x00007ffbca065000 	C:\WINDOWS\WinSxS\amd64_microsoft.windows.common-controls_6595b64144ccf1df_6.0.22000.120_none_9d947278b86cc467\COMCTL32.dll
0x00007ffbe1c40000 - 0x00007ffbe1ce3000 	C:\WINDOWS\System32\msvcrt.dll
0x00007ffbe2420000 - 0x00007ffbe2451000 	C:\WINDOWS\System32\IMM32.DLL
0x00007ffbdce60000 - 0x00007ffbdce6c000 	C:\Users\DELL\.jdks\openjdk-17.0.1\bin\vcruntime140_1.dll
0x00007ffbda150000 - 0x00007ffbda1dd000 	C:\Users\DELL\.jdks\openjdk-17.0.1\bin\msvcp140.dll
0x00007ffb91ba0000 - 0x00007ffb9275e000 	C:\Users\DELL\.jdks\openjdk-17.0.1\bin\server\jvm.dll
0x00007ffbe2890000 - 0x00007ffbe293e000 	C:\WINDOWS\System32\ADVAPI32.dll
0x00007ffbe0f00000 - 0x00007ffbe0f9e000 	C:\WINDOWS\System32\sechost.dll
0x00007ffbe26c0000 - 0x00007ffbe27e0000 	C:\WINDOWS\System32\RPCRT4.dll
0x00007ffbe2ad0000 - 0x00007ffbe2ad8000 	C:\WINDOWS\System32\PSAPI.DLL
0x00007ffbda2c0000 - 0x00007ffbda2f3000 	C:\WINDOWS\SYSTEM32\WINMM.dll
0x00007ffbd8740000 - 0x00007ffbd874a000 	C:\WINDOWS\SYSTEM32\VERSION.dll
0x00007ffbdd2a0000 - 0x00007ffbdd2a9000 	C:\WINDOWS\SYSTEM32\WSOCK32.dll
0x00007ffbe2650000 - 0x00007ffbe26bf000 	C:\WINDOWS\System32\WS2_32.dll
0x00007ffbdf740000 - 0x00007ffbdf758000 	C:\WINDOWS\SYSTEM32\kernel.appcore.dll
0x00007ffbdce50000 - 0x00007ffbdce5a000 	C:\Users\DELL\.jdks\openjdk-17.0.1\bin\jimage.dll
0x00007ffbddb10000 - 0x00007ffbddd31000 	C:\WINDOWS\SYSTEM32\DBGHELP.DLL
0x00007ffbcd030000 - 0x00007ffbcd061000 	C:\WINDOWS\SYSTEM32\dbgcore.DLL
0x00007ffbe07b0000 - 0x00007ffbe082f000 	C:\WINDOWS\System32\bcryptPrimitives.dll
0x00007ffbdc9f0000 - 0x00007ffbdc9fe000 	C:\Users\DELL\.jdks\openjdk-17.0.1\bin\instrument.dll
0x00007ffbdc9c0000 - 0x00007ffbdc9e5000 	C:\Users\DELL\.jdks\openjdk-17.0.1\bin\java.dll
0x00007ffbda070000 - 0x00007ffbda146000 	C:\Users\DELL\.jdks\openjdk-17.0.1\bin\svml.dll
0x00007ffbe1490000 - 0x00007ffbe1c3e000 	C:\WINDOWS\System32\SHELL32.dll
0x00007ffbde560000 - 0x00007ffbdedc7000 	C:\WINDOWS\SYSTEM32\windows.storage.dll
0x00007ffbe2ca0000 - 0x00007ffbe3018000 	C:\WINDOWS\System32\combase.dll
0x00007ffbde3f0000 - 0x00007ffbde556000 	C:\WINDOWS\SYSTEM32\wintypes.dll
0x00007ffbe2950000 - 0x00007ffbe2a3a000 	C:\WINDOWS\System32\SHCORE.dll
0x00007ffbe2c40000 - 0x00007ffbe2c9d000 	C:\WINDOWS\System32\shlwapi.dll
0x00007ffbe0480000 - 0x00007ffbe04a1000 	C:\WINDOWS\SYSTEM32\profapi.dll
0x00007ffbdc9a0000 - 0x00007ffbdc9b9000 	C:\Users\DELL\.jdks\openjdk-17.0.1\bin\net.dll
0x00007ffbdacc0000 - 0x00007ffbdadcc000 	C:\WINDOWS\SYSTEM32\WINHTTP.dll
0x00007ffbdfb70000 - 0x00007ffbdfbd7000 	C:\WINDOWS\system32\mswsock.dll
0x00007ffbdaef0000 - 0x00007ffbdaf05000 	C:\Users\DELL\.jdks\openjdk-17.0.1\bin\nio.dll
0x00007ffbda050000 - 0x00007ffbda068000 	C:\Users\DELL\.jdks\openjdk-17.0.1\bin\zip.dll
0x00007ffbda030000 - 0x00007ffbda04a000 	C:\Program Files\JetBrains\IntelliJ IDEA Community Edition 2021.3.1\bin\breakgen64.dll
0x0000018e917a0000 - 0x0000018e917a3000 	E:\AOOP\javafx-sdk-17.0.1\bin\api-ms-win-core-console-l1-1-0.dll
0x0000018e917b0000 - 0x0000018e917b3000 	E:\AOOP\javafx-sdk-17.0.1\bin\api-ms-win-core-console-l1-2-0.dll
0x0000018ead3c0000 - 0x0000018ead3c3000 	E:\AOOP\javafx-sdk-17.0.1\bin\api-ms-win-core-datetime-l1-1-0.dll
0x0000018ead3d0000 - 0x0000018ead3d3000 	E:\AOOP\javafx-sdk-17.0.1\bin\api-ms-win-core-debug-l1-1-0.dll
0x0000018ead3e0000 - 0x0000018ead3e3000 	E:\AOOP\javafx-sdk-17.0.1\bin\api-ms-win-core-errorhandling-l1-1-0.dll
0x0000018ead3f0000 - 0x0000018ead3f4000 	E:\AOOP\javafx-sdk-17.0.1\bin\api-ms-win-core-file-l1-1-0.dll
0x0000018eaf990000 - 0x0000018eaf993000 	E:\AOOP\javafx-sdk-17.0.1\bin\api-ms-win-core-file-l1-2-0.dll
0x0000018eaf9a0000 - 0x0000018eaf9a3000 	E:\AOOP\javafx-sdk-17.0.1\bin\api-ms-win-core-file-l2-1-0.dll
0x0000018eaf9b0000 - 0x0000018eaf9b3000 	E:\AOOP\javafx-sdk-17.0.1\bin\api-ms-win-core-handle-l1-1-0.dll
0x0000018eaf9c0000 - 0x0000018eaf9c3000 	E:\AOOP\javafx-sdk-17.0.1\bin\api-ms-win-core-heap-l1-1-0.dll
0x0000018eaf9d0000 - 0x0000018eaf9d3000 	E:\AOOP\javafx-sdk-17.0.1\bin\api-ms-win-core-interlocked-l1-1-0.dll
0x0000018eaf9e0000 - 0x0000018eaf9e3000 	E:\AOOP\javafx-sdk-17.0.1\bin\api-ms-win-core-libraryloader-l1-1-0.dll
0x0000018eaf9f0000 - 0x0000018eaf9f3000 	E:\AOOP\javafx-sdk-17.0.1\bin\api-ms-win-core-localization-l1-2-0.dll
0x0000018ead220000 - 0x0000018ead223000 	E:\AOOP\javafx-sdk-17.0.1\bin\api-ms-win-core-memory-l1-1-0.dll
0x0000018ead230000 - 0x0000018ead233000 	E:\AOOP\javafx-sdk-17.0.1\bin\api-ms-win-core-namedpipe-l1-1-0.dll
0x0000018ead240000 - 0x0000018ead243000 	E:\AOOP\javafx-sdk-17.0.1\bin\api-ms-win-core-processenvironment-l1-1-0.dll
0x0000018ead250000 - 0x0000018ead253000 	E:\AOOP\javafx-sdk-17.0.1\bin\api-ms-win-core-processthreads-l1-1-0.dll
0x0000018ead260000 - 0x0000018ead263000 	E:\AOOP\javafx-sdk-17.0.1\bin\api-ms-win-core-processthreads-l1-1-1.dll
0x0000018ead270000 - 0x0000018ead273000 	E:\AOOP\javafx-sdk-17.0.1\bin\api-ms-win-core-profile-l1-1-0.dll
0x0000018ead280000 - 0x0000018ead283000 	E:\AOOP\javafx-sdk-17.0.1\bin\api-ms-win-core-rtlsupport-l1-1-0.dll
0x0000018ead290000 - 0x0000018ead293000 	E:\AOOP\javafx-sdk-17.0.1\bin\api-ms-win-core-string-l1-1-0.dll
0x0000018ead2a0000 - 0x0000018ead2a3000 	E:\AOOP\javafx-sdk-17.0.1\bin\api-ms-win-core-synch-l1-1-0.dll
0x0000018ead2b0000 - 0x0000018ead2b3000 	E:\AOOP\javafx-sdk-17.0.1\bin\api-ms-win-core-synch-l1-2-0.dll
0x0000018ead2c0000 - 0x0000018ead2c3000 	E:\AOOP\javafx-sdk-17.0.1\bin\api-ms-win-core-sysinfo-l1-1-0.dll
0x0000018ead2d0000 - 0x0000018ead2d3000 	E:\AOOP\javafx-sdk-17.0.1\bin\api-ms-win-core-timezone-l1-1-0.dll
0x0000018ead2e0000 - 0x0000018ead2e3000 	E:\AOOP\javafx-sdk-17.0.1\bin\api-ms-win-core-util-l1-1-0.dll
0x0000018ead2f0000 - 0x0000018ead2f3000 	E:\AOOP\javafx-sdk-17.0.1\bin\api-ms-win-crt-conio-l1-1-0.dll
0x0000018ead300000 - 0x0000018ead304000 	E:\AOOP\javafx-sdk-17.0.1\bin\api-ms-win-crt-convert-l1-1-0.dll
0x0000018ead310000 - 0x0000018ead313000 	E:\AOOP\javafx-sdk-17.0.1\bin\api-ms-win-crt-environment-l1-1-0.dll
0x0000018ead320000 - 0x0000018ead323000 	E:\AOOP\javafx-sdk-17.0.1\bin\api-ms-win-crt-filesystem-l1-1-0.dll
0x0000018ead330000 - 0x0000018ead333000 	E:\AOOP\javafx-sdk-17.0.1\bin\api-ms-win-crt-heap-l1-1-0.dll
0x0000018ead340000 - 0x0000018ead343000 	E:\AOOP\javafx-sdk-17.0.1\bin\api-ms-win-crt-locale-l1-1-0.dll
0x0000018ead350000 - 0x0000018ead355000 	E:\AOOP\javafx-sdk-17.0.1\bin\api-ms-win-crt-math-l1-1-0.dll
0x0000018ead360000 - 0x0000018ead365000 	E:\AOOP\javafx-sdk-17.0.1\bin\api-ms-win-crt-multibyte-l1-1-0.dll
0x0000018ead370000 - 0x0000018ead380000 	E:\AOOP\javafx-sdk-17.0.1\bin\api-ms-win-crt-private-l1-1-0.dll
0x0000018ead380000 - 0x0000018ead383000 	E:\AOOP\javafx-sdk-17.0.1\bin\api-ms-win-crt-process-l1-1-0.dll
0x0000018ead390000 - 0x0000018ead394000 	E:\AOOP\javafx-sdk-17.0.1\bin\api-ms-win-crt-runtime-l1-1-0.dll
0x0000018ead3a0000 - 0x0000018ead3a4000 	E:\AOOP\javafx-sdk-17.0.1\bin\api-ms-win-crt-stdio-l1-1-0.dll
0x0000018ead3b0000 - 0x0000018ead3b4000 	E:\AOOP\javafx-sdk-17.0.1\bin\api-ms-win-crt-string-l1-1-0.dll
0x0000018eaf7d0000 - 0x0000018eaf7d3000 	E:\AOOP\javafx-sdk-17.0.1\bin\api-ms-win-crt-time-l1-1-0.dll
0x0000018eaf7e0000 - 0x0000018eaf7e3000 	E:\AOOP\javafx-sdk-17.0.1\bin\api-ms-win-crt-utility-l1-1-0.dll
0x00007ffbd81b0000 - 0x00007ffbd82ac000 	E:\AOOP\javafx-sdk-17.0.1\bin\ucrtbase.dll
0x00007ffbd9ff0000 - 0x00007ffbda00a000 	E:\AOOP\javafx-sdk-17.0.1\bin\vcruntime140.dll
0x00007ffbd9fe0000 - 0x00007ffbd9fec000 	E:\AOOP\javafx-sdk-17.0.1\bin\vcruntime140_1.dll
0x00007ffba7040000 - 0x00007ffba70cd000 	E:\AOOP\javafx-sdk-17.0.1\bin\msvcp140.dll
0x00007ffbd9f90000 - 0x00007ffbd9fba000 	E:\AOOP\javafx-sdk-17.0.1\bin\prism_d3d.dll
0x00007ffb804d0000 - 0x00007ffb80676000 	C:\WINDOWS\system32\d3d9.dll
0x00007ffbdee20000 - 0x00007ffbdee4f000 	C:\WINDOWS\SYSTEM32\dwmapi.dll
0x00007ffbdd900000 - 0x00007ffbdd938000 	C:\WINDOWS\SYSTEM32\dxcore.dll
0x00007ffbdd7d0000 - 0x00007ffbdd87c000 	C:\WINDOWS\system32\uxtheme.dll
0x00007ffb80360000 - 0x00007ffb804c7000 	C:\WINDOWS\System32\DriverStore\FileRepository\iigd_dch.inf_amd64_d574a2cfc0f5fa54\igdumdim64.dll
0x00007ffbe1d10000 - 0x00007ffbe1eaa000 	C:\WINDOWS\System32\ole32.dll
0x00007ffb757b0000 - 0x00007ffb793a2000 	C:\WINDOWS\System32\DriverStore\FileRepository\iigd_dch.inf_amd64_d574a2cfc0f5fa54\igd9dxva64.dll
0x00007ffbe2460000 - 0x00007ffbe2536000 	C:\WINDOWS\System32\OLEAUT32.dll
0x00007ffbe1020000 - 0x00007ffbe148b000 	C:\WINDOWS\System32\SETUPAPI.dll
0x00007ffbe0220000 - 0x00007ffbe026c000 	C:\WINDOWS\SYSTEM32\cfgmgr32.dll
0x00007ffbd4d10000 - 0x00007ffbd50d5000 	C:\WINDOWS\System32\DriverStore\FileRepository\iigd_dch.inf_amd64_d574a2cfc0f5fa54\igdgmm64.dll
0x00007ffbda3f0000 - 0x00007ffbda434000 	C:\WINDOWS\SYSTEM32\directxdatabasehelper.dll
0x00007ffbdede0000 - 0x00007ffbdee14000 	C:\WINDOWS\SYSTEM32\ntmarta.dll
0x00007ffbd9e70000 - 0x00007ffbd9eb2000 	E:\AOOP\javafx-sdk-17.0.1\bin\glass.dll
0x00007ffbe2b50000 - 0x00007ffbe2c3c000 	C:\WINDOWS\System32\COMDLG32.dll
0x00007ffbe2080000 - 0x00007ffbe219e000 	C:\WINDOWS\System32\MSCTF.dll
0x00007ffb97e10000 - 0x00007ffb97e37000 	C:\WINDOWS\System32\DriverStore\FileRepository\iigd_dch.inf_amd64_d574a2cfc0f5fa54\igdinfo64.dll
0x00007ffbd17e0000 - 0x00007ffbd4ca3000 	C:\WINDOWS\System32\DriverStore\FileRepository\iigd_dch.inf_amd64_d574a2cfc0f5fa54\igc64.dll
0x00007ffbd9f70000 - 0x00007ffbd9f84000 	E:\AOOP\javafx-sdk-17.0.1\bin\javafx_font.dll
0x00007ffbc47a0000 - 0x00007ffbc49ff000 	C:\WINDOWS\SYSTEM32\dwrite.dll
0x00007ffbe25a0000 - 0x00007ffbe264f000 	C:\WINDOWS\System32\clbcatq.dll
0x00007ffbd89b0000 - 0x00007ffbd8b5e000 	C:\WINDOWS\SYSTEM32\WindowsCodecs.dll
0x00007ffbbb310000 - 0x00007ffbbb36d000 	C:\WINDOWS\system32\dataexchange.dll
0x00007ffbd7d60000 - 0x00007ffbd7fc6000 	C:\WINDOWS\system32\twinapi.appcore.dll
0x00007ffbbfe20000 - 0x00007ffbbfe52000 	C:\Program Files\Common Files\Microsoft Shared\Ink\rtscom.dll
0x00007ffbc1760000 - 0x00007ffbc188d000 	C:\WINDOWS\SYSTEM32\textinputframework.dll
0x00007ffbdd390000 - 0x00007ffbdd4c2000 	C:\WINDOWS\SYSTEM32\CoreMessaging.dll
0x00007ffbd97f0000 - 0x00007ffbd9b5d000 	C:\WINDOWS\SYSTEM32\CoreUIComponents.dll
0x00007ffbdfdd0000 - 0x00007ffbdfddc000 	C:\WINDOWS\SYSTEM32\CRYPTBASE.DLL
0x00007ffbdb8f0000 - 0x00007ffbdbea8000 	C:\WINDOWS\SYSTEM32\d2d1.dll
0x00007ffbd92e0000 - 0x00007ffbd9560000 	C:\WINDOWS\SYSTEM32\d3d11.dll
0x00007ffbdd940000 - 0x00007ffbdda33000 	C:\WINDOWS\SYSTEM32\dxgi.dll
0x00007ffbd8bd0000 - 0x00007ffbd92d2000 	C:\WINDOWS\SYSTEM32\D3D10Warp.dll
0x00007ffb508a0000 - 0x00007ffb5475d000 	E:\AOOP\javafx-sdk-17.0.1\bin\jfxwebkit.dll
0x00007ffbdfdb0000 - 0x00007ffbdfdc8000 	C:\WINDOWS\SYSTEM32\CRYPTSP.dll

dbghelp: loaded successfully - version: 4.0.5 - missing functions: none
symbol engine: initialized successfully - sym options: 0x614 - pdb path: .;C:\Users\DELL\.jdks\openjdk-17.0.1\bin;C:\WINDOWS\SYSTEM32;C:\WINDOWS\WinSxS\amd64_microsoft.windows.common-controls_6595b64144ccf1df_6.0.22000.120_none_9d947278b86cc467;C:\Users\DELL\.jdks\openjdk-17.0.1\bin\server;C:\Program Files\JetBrains\IntelliJ IDEA Community Edition 2021.3.1\bin;E:\AOOP\javafx-sdk-17.0.1\bin;C:\WINDOWS\System32\DriverStore\FileRepository\iigd_dch.inf_amd64_d574a2cfc0f5fa54;C:\Program Files\Common Files\Microsoft Shared\Ink

VM Arguments:
jvm_args: --module-path=E:\AOOP\javafx-sdk-17.0.1\lib --add-modules=javafx.controls,javafx.fxml,javafx.web -javaagent:C:\Program Files\JetBrains\IntelliJ IDEA Community Edition 2021.3.1\lib\idea_rt.jar=52653:C:\Program Files\JetBrains\IntelliJ IDEA Community Edition 2021.3.1\bin -Dfile.encoding=UTF-8 
java_command: com.laynezcoder.Main
java_class_path (initial): E:\AOOP\UIXFX-main\UIXFX-main\05. Login - Npm inspiration\out\production\UIU_Bus_Shuttle;E:\AOOP\javafx-sdk-17.0.1\lib\javafx-swt.jar;E:\AOOP\javafx-sdk-17.0.1\lib\javafx.web.jar;E:\AOOP\javafx-sdk-17.0.1\lib\javafx.base.jar;E:\AOOP\javafx-sdk-17.0.1\lib\javafx.fxml.jar;E:\AOOP\javafx-sdk-17.0.1\lib\javafx.media.jar;E:\AOOP\javafx-sdk-17.0.1\lib\javafx.swing.jar;E:\AOOP\javafx-sdk-17.0.1\lib\javafx.controls.jar;E:\AOOP\javafx-sdk-17.0.1\lib\javafx.graphics.jar;E:\AOOP\UIXFX-main\UIXFX-main\05. Login - Npm inspiration\lib\junit_4\junit-4.12-javadoc.jar;E:\AOOP\UIXFX-main\UIXFX-main\05. Login - Npm inspiration\lib\junit_4\junit-4.12-sources.jar;E:\AOOP\UIXFX-main\UIXFX-main\05. Login - Npm inspiration\lib\junit_4\junit-4.12.jar;E:\AOOP\UIXFX-main\UIXFX-main\05. Login - Npm inspiration\lib\CopyLibs\org-netbeans-modules-java-j2seproject-copylibstask.jar;E:\AOOP\UIXFX-main\UIXFX-main\05. Login - Npm inspiration\lib\AnimateFX-1.2.1.jar
Launcher Type: SUN_STANDARD

[Global flags]
     intx CICompilerCount                          = 4                                         {product} {ergonomic}
     uint ConcGCThreads                            = 2                                         {product} {ergonomic}
     uint G1ConcRefinementThreads                  = 8                                         {product} {ergonomic}
   size_t G1HeapRegionSize                         = 1048576                                   {product} {ergonomic}
    uintx GCDrainStackTargetSize                   = 64                                        {product} {ergonomic}
   size_t InitialHeapSize                          = 62914560                                  {product} {ergonomic}
   size_t MarkStackSize                            = 4194304                                   {product} {ergonomic}
   size_t MaxHeapSize                              = 1002438656                                {product} {ergonomic}
   size_t MaxNewSize                               = 600834048                                 {product} {ergonomic}
   size_t MinHeapDeltaBytes                        = 1048576                                   {product} {ergonomic}
   size_t MinHeapSize                              = 8388608                                   {product} {ergonomic}
    uintx NonNMethodCodeHeapSize                   = 5839372                                {pd product} {ergonomic}
    uintx NonProfiledCodeHeapSize                  = 122909434                              {pd product} {ergonomic}
    uintx ProfiledCodeHeapSize                     = 122909434                              {pd product} {ergonomic}
    uintx ReservedCodeCacheSize                    = 251658240                              {pd product} {ergonomic}
     bool SegmentedCodeCache                       = true                                      {product} {ergonomic}
   size_t SoftMaxHeapSize                          = 1002438656                             {manageable} {ergonomic}
     bool UseCompressedClassPointers               = true                           {product lp64_product} {ergonomic}
     bool UseCompressedOops                        = true                           {product lp64_product} {ergonomic}
     bool UseG1GC                                  = true                                      {product} {ergonomic}
     bool UseLargePagesIndividualAllocation        = false                                  {pd product} {ergonomic}

Logging:
Log output configuration:
 #0: stdout all=warning uptime,level,tags
 #1: stderr all=off uptime,level,tags

Environment Variables:
PATH=C:\Program Files\Python39\Scripts\;C:\Program Files\Python39\;C:\Windows\system32;C:\Windows;C:\Windows\System32\Wbem;C:\Windows\System32\WindowsPowerShell\v1.0\;C:\Windows\System32\OpenSSH\;C:\Program Files (x86)\NVIDIA Corporation\PhysX\Common;C:\Program Files\NVIDIA Corporation\NVIDIA NvDLISR;%SystemRoot%\system32;%SystemRoot%;%SystemRoot%\System32\Wbem;%SYSTEMROOT%\System32\WindowsPowerShell\v1.0\;%SYSTEMROOT%\System32\OpenSSH\;C:\Users\DELL\AppData\Local\Microsoft\WindowsApps;;C:\Program Files\JetBrains\IntelliJ IDEA Community Edition 2021.3.1\bin;
USERNAME=DELL
OS=Windows_NT
PROCESSOR_IDENTIFIER=Intel64 Family 6 Model 140 Stepping 1, GenuineIntel



---------------  S Y S T E M  ---------------

OS:
 Windows 10 , 64 bit Build 22000 (10.0.22000.434)
OS uptime: 0 days 4:09 hours

CPU: total 8 (initial active 8) (4 cores per cpu, 2 threads per core) family 6 model 140 stepping 1 microcode 0x86, cx8, cmov, fxsr, ht, mmx, 3dnowpref, sse, sse2, sse3, ssse3, sse4.1, sse4.2, popcnt, lzcnt, tsc, tscinvbit, avx, avx2, aes, erms, clmul, bmi1, bmi2, adx, avx512f, avx512dq, avx512cd, avx512bw, avx512vl, sha, fma, vzeroupper, avx512_vpopcntdq, avx512_vpclmulqdq, avx512_vaes, avx512_vnni, clflush, clflushopt, clwb, avx512_vbmi2, avx512_vbmi

Memory: 4k page, system-wide physical 3818M (306M free)
TotalPageFile size 15594M (AvailPageFile size 2M)
current process WorkingSet (physical memory assigned to process): 368M, peak: 675M
current process commit charge ("private bytes"): 975M, peak: 975M

vm_info: OpenJDK 64-Bit Server VM (17.0.1+12-39) for windows-amd64 JRE (17.0.1+12-39), built on Sep 27 2021 18:39:29 by "mach5one" with MS VC++ 16.8 (VS2019)

END.
